2026-07-18 17:37:44,738 - INFO: ========== Seq2Seq 英译法训练开始 ==========
2026-07-18 17:37:45,261 - INFO: 总样本数：63594
2026-07-18 17:37:45,273 - INFO: 训练集大小：50875，验证集大小：12719
2026-07-18 17:37:45,334 - INFO: 英文词表大小：2803，法文词表大小：4345
2026-07-18 17:37:45,353 - INFO: 编码器/解码器初始化完成
2026-07-18 17:37:46,821 - INFO: ----- 第 1/20 轮开始 -----
2026-07-18 17:38:09,934 - INFO: 轮次：1，训练平均损失:4.4140，耗时：23.1135s
2026-07-18 17:38:34,399 - INFO: 轮次：1，训练平均损失:3.6298，耗时：47.5779s
2026-07-18 17:39:01,115 - INFO: 轮次：1，训练平均损失:3.4284，耗时：74.2938s
2026-07-18 17:39:29,009 - INFO: 轮次：1，训练平均损失:3.4075，耗时：102.1881s
2026-07-18 17:39:57,911 - INFO: 轮次：1，训练平均损失:3.2808，耗时：131.0898s
2026-07-18 17:40:27,808 - INFO: 轮次：1，训练平均损失:3.2056，耗时：160.9867s
2026-07-18 17:40:57,886 - INFO: 轮次：1，训练平均损失:3.1458，耗时：191.0647s
2026-07-18 17:41:28,606 - INFO: 轮次：1，训练平均损失:3.0586，耗时：221.7850s
2026-07-18 17:41:59,518 - INFO: 轮次：1，训练平均损失:2.9418，耗时：252.6967s
2026-07-18 17:42:32,490 - INFO: 轮次：1，训练平均损失:2.9675，耗时：285.6691s
2026-07-18 17:43:04,764 - INFO: 轮次：1，训练平均损失:2.8954，耗时：317.9427s
2026-07-18 17:43:36,760 - INFO: 轮次：1，训练平均损失:2.8899，耗时：349.9387s
2026-07-18 17:44:08,394 - INFO: 轮次：1，训练平均损失:2.8153，耗时：381.5728s
2026-07-18 17:44:40,538 - INFO: 轮次：1，训练平均损失:2.7518，耗时：413.7173s
2026-07-18 17:45:12,737 - INFO: 轮次：1，训练平均损失:2.7400，耗时：445.9163s
2026-07-18 17:45:45,179 - INFO: 轮次：1，训练平均损失:2.7364，耗时：478.3582s
2026-07-18 17:46:17,900 - INFO: 轮次：1，训练平均损失:2.6679，耗时：511.0793s
2026-07-18 17:46:50,562 - INFO: 轮次：1，训练平均损失:2.6244，耗时：543.7409s
2026-07-18 17:47:23,634 - INFO: 轮次：1，训练平均损失:2.6323，耗时：576.8129s
2026-07-18 17:47:57,017 - INFO: 轮次：1，训练平均损失:2.6130，耗时：610.1956s
2026-07-18 17:48:29,603 - INFO: 轮次：1，训练平均损失:2.5835，耗时：642.7821s
2026-07-18 17:49:02,795 - INFO: 轮次：1，训练平均损失:2.5077，耗时：675.9740s
2026-07-18 17:49:36,068 - INFO: 轮次：1，训练平均损失:2.4741，耗时：709.2472s
2026-07-18 17:50:08,882 - INFO: 轮次：1，训练平均损失:2.5254，耗时：742.0613s
2026-07-18 17:50:41,767 - INFO: 轮次：1，训练平均损失:2.4267，耗时：774.9456s
2026-07-18 17:51:14,907 - INFO: 轮次：1，训练平均损失:2.4259，耗时：808.0864s
2026-07-18 17:51:48,437 - INFO: 轮次：1，训练平均损失:2.4369，耗时：841.6158s
2026-07-18 17:52:21,764 - INFO: 轮次：1，训练平均损失:2.3850，耗时：874.9435s
2026-07-18 17:52:55,382 - INFO: 轮次：1，训练平均损失:2.4322，耗时：908.5614s
2026-07-18 17:53:29,511 - INFO: 轮次：1，训练平均损失:2.3473，耗时：942.6901s
2026-07-18 17:54:03,543 - INFO: 轮次：1，训练平均损失:2.3346，耗时：976.7217s
2026-07-18 17:54:37,046 - INFO: 轮次：1，训练平均损失:2.3853，耗时：1010.2248s
2026-07-18 17:55:10,857 - INFO: 轮次：1，训练平均损失:2.3518，耗时：1044.0364s
2026-07-18 17:55:44,582 - INFO: 轮次：1，训练平均损失:2.3028，耗时：1077.7610s
2026-07-18 17:56:18,391 - INFO: 轮次：1，训练平均损失:2.2581，耗时：1111.5702s
2026-07-18 17:56:52,359 - INFO: 轮次：1，训练平均损失:2.2600，耗时：1145.5378s
2026-07-18 17:57:26,378 - INFO: 轮次：1，训练平均损失:2.1892，耗时：1179.5572s
2026-07-18 17:58:00,054 - INFO: 轮次：1，训练平均损失:2.1974，耗时：1213.2333s
2026-07-18 17:58:33,838 - INFO: 轮次：1，训练平均损失:2.2425，耗时：1247.0172s
2026-07-18 17:59:07,561 - INFO: 轮次：1，训练平均损失:2.1803，耗时：1280.7405s
2026-07-18 17:59:41,066 - INFO: 轮次：1，训练平均损失:2.0998，耗时：1314.2444s
2026-07-18 18:00:14,630 - INFO: 轮次：1，训练平均损失:2.1673，耗时：1347.8088s
2026-07-18 18:00:48,512 - INFO: 轮次：1，训练平均损失:2.1217，耗时：1381.6910s
2026-07-18 18:01:22,404 - INFO: 轮次：1，训练平均损失:2.0239，耗时：1415.5830s
2026-07-18 18:01:55,996 - INFO: 轮次：1，训练平均损失:2.1022，耗时：1449.1741s
2026-07-18 18:02:29,728 - INFO: 轮次：1，训练平均损失:2.0208，耗时：1482.9071s
2026-07-18 18:03:03,724 - INFO: 轮次：1，训练平均损失:2.0473，耗时：1516.9033s
2026-07-18 18:03:37,713 - INFO: 轮次：1，训练平均损失:2.0443，耗时：1550.8924s
2026-07-18 18:04:11,588 - INFO: 轮次：1，训练平均损失:1.9599，耗时：1584.7667s
2026-07-18 18:04:45,601 - INFO: 轮次：1，训练平均损失:1.9409，耗时：1618.7796s
2026-07-18 18:05:16,674 - INFO: 模型已保存：../model/encoder_epoch1.pth，../model/decoder_epoch1.pth
2026-07-18 18:05:16,674 - INFO: 轮次：1，开始在验证集上评估...
2026-07-18 18:05:19,953 - INFO: 轮次：1，验证平均损失:2.0642，耗时：3.2786s
2026-07-18 18:05:22,801 - INFO: 轮次：1，验证平均损失:2.0570，耗时：6.1265s
2026-07-18 18:05:25,702 - INFO: 轮次：1，验证平均损失:2.0665，耗时：9.0276s
2026-07-18 18:05:28,730 - INFO: 轮次：1，验证平均损失:2.0421，耗时：12.0559s
2026-07-18 18:05:31,737 - INFO: 轮次：1，验证平均损失:2.0601，耗时：15.0634s
2026-07-18 18:05:34,659 - INFO: 轮次：1，验证平均损失:2.0258，耗时：17.9851s
2026-07-18 18:05:38,630 - INFO: 轮次：1，验证平均损失:1.9910，耗时：21.9558s
2026-07-18 18:05:43,085 - INFO: 轮次：1，验证平均损失:2.0235，耗时：26.4109s
2026-07-18 18:05:46,825 - INFO: 轮次：1，验证平均损失:2.0408，耗时：30.1512s
2026-07-18 18:05:52,022 - INFO: 轮次：1，验证平均损失:2.0524，耗时：35.3480s
2026-07-18 18:05:55,738 - INFO: 轮次：1，验证平均损失:2.0459，耗时：39.0638s
2026-07-18 18:05:58,729 - INFO: 轮次：1，验证平均损失:2.0136，耗时：42.0546s
2026-07-18 18:06:00,924 - INFO: ----- 第 1/20 轮结束 -----
2026-07-18 18:06:00,924 - INFO: ----- 第 2/20 轮开始 -----
2026-07-18 18:06:35,414 - INFO: 轮次：2，训练平均损失:1.9000，耗时：34.4902s
2026-07-18 18:07:10,040 - INFO: 轮次：2，训练平均损失:1.8158，耗时：69.1157s
2026-07-18 18:07:43,933 - INFO: 轮次：2，训练平均损失:1.8263，耗时：103.0096s
2026-07-18 18:08:18,276 - INFO: 轮次：2，训练平均损失:1.8635，耗时：137.3523s
2026-07-18 18:08:52,612 - INFO: 轮次：2，训练平均损失:1.9012，耗时：171.6881s
2026-07-18 18:09:27,168 - INFO: 轮次：2，训练平均损失:1.8671，耗时：206.2440s
2026-07-18 18:10:01,383 - INFO: 轮次：2，训练平均损失:1.8095，耗时：240.4593s
2026-07-18 18:10:35,674 - INFO: 轮次：2，训练平均损失:1.8363，耗时：274.7499s
2026-07-18 18:11:10,115 - INFO: 轮次：2，训练平均损失:1.8289，耗时：309.1911s
2026-07-18 18:11:45,765 - INFO: 轮次：2，训练平均损失:1.7548，耗时：344.8417s
2026-07-18 18:12:21,052 - INFO: 轮次：2，训练平均损失:1.8175，耗时：380.1281s
2026-07-18 18:12:56,079 - INFO: 轮次：2，训练平均损失:1.7395，耗时：415.1549s
2026-07-18 18:13:30,576 - INFO: 轮次：2，训练平均损失:1.7749，耗时：449.6521s
2026-07-18 18:14:04,864 - INFO: 轮次：2，训练平均损失:1.8086，耗时：483.9403s
2026-07-18 18:14:39,486 - INFO: 轮次：2，训练平均损失:1.7086，耗时：518.5620s
2026-07-18 18:15:13,893 - INFO: 轮次：2，训练平均损失:1.7561，耗时：552.9691s
2026-07-18 18:15:48,371 - INFO: 轮次：2，训练平均损失:1.7415，耗时：587.4471s
2026-07-18 18:16:23,399 - INFO: 轮次：2，训练平均损失:1.7613，耗时：622.4754s
2026-07-18 18:16:57,962 - INFO: 轮次：2，训练平均损失:1.6584，耗时：657.0383s
2026-07-18 18:17:32,864 - INFO: 轮次：2，训练平均损失:1.6846，耗时：691.9405s
2026-07-18 18:18:07,926 - INFO: 轮次：2，训练平均损失:1.6368，耗时：727.0025s
2026-07-18 18:18:43,305 - INFO: 轮次：2，训练平均损失:1.6328，耗时：762.3815s
2026-07-18 18:19:18,331 - INFO: 轮次：2，训练平均损失:1.6217，耗时：797.4069s
2026-07-18 18:19:53,445 - INFO: 轮次：2，训练平均损失:1.6253，耗时：832.5207s
2026-07-18 18:20:28,455 - INFO: 轮次：2，训练平均损失:1.6302，耗时：867.5301s
2026-07-18 18:21:03,557 - INFO: 轮次：2，训练平均损失:1.6300，耗时：902.6334s
2026-07-18 18:21:38,744 - INFO: 轮次：2，训练平均损失:1.6190，耗时：937.8202s
2026-07-18 18:22:14,399 - INFO: 轮次：2，训练平均损失:1.6005，耗时：973.4748s
2026-07-18 18:22:49,579 - INFO: 轮次：2，训练平均损失:1.6048，耗时：1008.6548s
2026-07-18 18:23:24,693 - INFO: 轮次：2，训练平均损失:1.5598，耗时：1043.7696s
2026-07-18 18:24:00,032 - INFO: 轮次：2，训练平均损失:1.5442，耗时：1079.1079s
2026-07-18 18:24:34,851 - INFO: 轮次：2，训练平均损失:1.5736，耗时：1113.9273s
2026-07-18 18:25:09,807 - INFO: 轮次：2，训练平均损失:1.5515，耗时：1148.8835s
2026-07-18 18:25:44,859 - INFO: 轮次：2，训练平均损失:1.5445，耗时：1183.9348s
2026-07-18 18:26:20,290 - INFO: 轮次：2，训练平均损失:1.5651，耗时：1219.3663s
2026-07-18 18:26:55,351 - INFO: 轮次：2，训练平均损失:1.5258，耗时：1254.4271s
2026-07-18 18:27:30,702 - INFO: 轮次：2，训练平均损失:1.6032，耗时：1289.7780s
2026-07-18 18:28:05,558 - INFO: 轮次：2，训练平均损失:1.5132，耗时：1324.6344s
2026-07-18 18:28:40,705 - INFO: 轮次：2，训练平均损失:1.4952，耗时：1359.7808s
2026-07-18 18:29:15,676 - INFO: 轮次：2，训练平均损失:1.5408，耗时：1394.7526s
2026-07-18 18:29:50,868 - INFO: 轮次：2，训练平均损失:1.5081，耗时：1429.9438s
2026-07-18 18:30:25,888 - INFO: 轮次：2，训练平均损失:1.5131，耗时：1464.9645s
2026-07-18 18:31:01,191 - INFO: 轮次：2，训练平均损失:1.4727，耗时：1500.2672s
2026-07-18 18:31:36,742 - INFO: 轮次：2，训练平均损失:1.5155，耗时：1535.8184s
2026-07-18 18:32:11,763 - INFO: 轮次：2，训练平均损失:1.5361，耗时：1570.8394s
2026-07-18 18:32:47,031 - INFO: 轮次：2，训练平均损失:1.4536，耗时：1606.1069s
2026-07-18 18:33:22,315 - INFO: 轮次：2，训练平均损失:1.4732，耗时：1641.3912s
2026-07-18 18:33:57,265 - INFO: 轮次：2，训练平均损失:1.3759，耗时：1676.3409s
2026-07-18 18:34:32,435 - INFO: 轮次：2，训练平均损失:1.4326，耗时：1711.5116s
2026-07-18 18:35:07,568 - INFO: 轮次：2，训练平均损失:1.5259，耗时：1746.6447s
2026-07-18 18:35:38,273 - INFO: 模型已保存：../model/encoder_epoch2.pth，../model/decoder_epoch2.pth
2026-07-18 18:35:38,274 - INFO: 轮次：2，开始在验证集上评估...
2026-07-18 18:35:41,345 - INFO: 轮次：2，验证平均损失:1.5290，耗时：3.0709s
2026-07-18 18:35:44,295 - INFO: 轮次：2，验证平均损失:1.4855，耗时：6.0211s
2026-07-18 18:35:47,309 - INFO: 轮次：2，验证平均损失:1.4922，耗时：9.0347s
2026-07-18 18:35:50,310 - INFO: 轮次：2，验证平均损失:1.4976，耗时：12.0357s
2026-07-18 18:35:53,215 - INFO: 轮次：2，验证平均损失:1.5029，耗时：14.9403s
2026-07-18 18:35:56,220 - INFO: 轮次：2，验证平均损失:1.4853，耗时：17.9456s
2026-07-18 18:35:59,275 - INFO: 轮次：2，验证平均损失:1.4526，耗时：21.0011s
2026-07-18 18:36:02,384 - INFO: 轮次：2，验证平均损失:1.5019，耗时：24.1100s
2026-07-18 18:36:05,238 - INFO: 轮次：2，验证平均损失:1.4854，耗时：26.9633s
2026-07-18 18:36:08,183 - INFO: 轮次：2，验证平均损失:1.5029，耗时：29.9086s
2026-07-18 18:36:11,242 - INFO: 轮次：2，验证平均损失:1.4999，耗时：32.9679s
2026-07-18 18:36:14,095 - INFO: 轮次：2，验证平均损失:1.4679，耗时：35.8209s
2026-07-18 18:36:16,158 - INFO: ----- 第 2/20 轮结束 -----
2026-07-18 18:36:16,158 - INFO: ----- 第 3/20 轮开始 -----
2026-07-18 18:36:51,250 - INFO: 轮次：3，训练平均损失:1.3493，耗时：35.0915s
2026-07-18 18:37:26,282 - INFO: 轮次：3，训练平均损失:1.3324，耗时：70.1239s
2026-07-18 18:38:01,029 - INFO: 轮次：3，训练平均损失:1.3180，耗时：104.8711s
2026-07-18 18:38:35,964 - INFO: 轮次：3，训练平均损失:1.2815，耗时：139.8060s
2026-07-18 18:39:11,268 - INFO: 轮次：3，训练平均损失:1.2692，耗时：175.1102s
2026-07-18 18:39:46,324 - INFO: 轮次：3，训练平均损失:1.3209，耗时：210.1659s
2026-07-18 18:40:21,288 - INFO: 轮次：3，训练平均损失:1.2679，耗时：245.1297s
2026-07-18 18:40:56,680 - INFO: 轮次：3，训练平均损失:1.2671，耗时：280.5221s
2026-07-18 18:41:31,897 - INFO: 轮次：3，训练平均损失:1.2644，耗时：315.7389s
2026-07-18 18:42:07,319 - INFO: 轮次：3，训练平均损失:1.3008，耗时：351.1603s
2026-07-18 18:42:42,805 - INFO: 轮次：3，训练平均损失:1.2917，耗时：386.6464s
2026-07-18 18:43:17,989 - INFO: 轮次：3，训练平均损失:1.3049，耗时：421.8309s
2026-07-18 18:43:53,115 - INFO: 轮次：3，训练平均损失:1.3276，耗时：456.9571s
2026-07-18 18:44:28,165 - INFO: 轮次：3，训练平均损失:1.2404，耗时：492.0065s
2026-07-18 18:45:03,251 - INFO: 轮次：3，训练平均损失:1.2813，耗时：527.0926s
2026-07-18 18:45:38,281 - INFO: 轮次：3，训练平均损失:1.3156，耗时：562.1232s
2026-07-18 18:46:13,524 - INFO: 轮次：3，训练平均损失:1.2594，耗时：597.3654s
2026-07-18 18:46:48,826 - INFO: 轮次：3，训练平均损失:1.2838，耗时：632.6679s
2026-07-18 18:47:24,286 - INFO: 轮次：3，训练平均损失:1.2937，耗时：668.1275s
2026-07-18 18:47:59,736 - INFO: 轮次：3，训练平均损失:1.2560，耗时：703.5781s
2026-07-18 18:48:35,390 - INFO: 轮次：3，训练平均损失:1.2280，耗时：739.2318s
2026-07-18 18:49:11,112 - INFO: 轮次：3，训练平均损失:1.2057，耗时：774.9539s
2026-07-18 18:49:46,205 - INFO: 轮次：3，训练平均损失:1.2308，耗时：810.0471s
2026-07-18 18:50:21,668 - INFO: 轮次：3，训练平均损失:1.2852，耗时：845.5096s
2026-07-18 18:50:57,006 - INFO: 轮次：3，训练平均损失:1.2143，耗时：880.8479s
2026-07-18 18:51:32,390 - INFO: 轮次：3，训练平均损失:1.2119，耗时：916.2316s
2026-07-18 18:52:07,879 - INFO: 轮次：3，训练平均损失:1.2710，耗时：951.7204s
2026-07-18 18:52:43,492 - INFO: 轮次：3，训练平均损失:1.2471，耗时：987.3324s
2026-07-18 18:53:19,180 - INFO: 轮次：3，训练平均损失:1.2192，耗时：1023.0213s
2026-07-18 18:53:54,489 - INFO: 轮次：3，训练平均损失:1.1895，耗时：1058.3308s
2026-07-18 18:54:29,769 - INFO: 轮次：3，训练平均损失:1.1749，耗时：1093.6109s
2026-07-18 18:55:05,165 - INFO: 轮次：3，训练平均损失:1.2254，耗时：1129.0067s
2026-07-18 18:55:40,696 - INFO: 轮次：3，训练平均损失:1.1709，耗时：1164.5378s
2026-07-18 18:56:15,940 - INFO: 轮次：3，训练平均损失:1.2126，耗时：1199.7822s
2026-07-18 18:56:51,420 - INFO: 轮次：3，训练平均损失:1.2501，耗时：1235.2620s
2026-07-18 18:57:26,915 - INFO: 轮次：3，训练平均损失:1.2297，耗时：1270.7569s
2026-07-18 18:58:02,777 - INFO: 轮次：3，训练平均损失:1.2094，耗时：1306.6189s
2026-07-18 18:58:38,251 - INFO: 轮次：3，训练平均损失:1.1746，耗时：1342.0927s
2026-07-18 18:59:13,592 - INFO: 轮次：3，训练平均损失:1.2157，耗时：1377.4335s
2026-07-18 18:59:48,977 - INFO: 轮次：3，训练平均损失:1.1552，耗时：1412.8185s
2026-07-18 19:00:23,805 - INFO: 轮次：3，训练平均损失:1.1851，耗时：1447.6463s
2026-07-18 19:00:59,217 - INFO: 轮次：3，训练平均损失:1.1349，耗时：1483.0592s
2026-07-18 19:01:50,351 - INFO: 轮次：3，训练平均损失:1.1662，耗时：1534.1926s
2026-07-18 19:02:30,459 - INFO: 轮次：3，训练平均损失:1.1653，耗时：1574.3009s
2026-07-18 19:03:06,466 - INFO: 轮次：3，训练平均损失:1.1880，耗时：1610.3078s
2026-07-18 19:03:42,408 - INFO: 轮次：3，训练平均损失:1.1064，耗时：1646.2500s
2026-07-18 19:04:18,304 - INFO: 轮次：3，训练平均损失:1.1427，耗时：1682.1461s
2026-07-18 19:04:54,416 - INFO: 轮次：3，训练平均损失:1.1548，耗时：1718.2581s
2026-07-18 19:05:30,523 - INFO: 轮次：3，训练平均损失:1.1711，耗时：1754.3649s
2026-07-18 19:06:06,803 - INFO: 轮次：3，训练平均损失:1.1680，耗时：1790.6446s
2026-07-18 19:06:38,349 - INFO: 模型已保存：../model/encoder_epoch3.pth，../model/decoder_epoch3.pth
2026-07-18 19:06:38,349 - INFO: 轮次：3，开始在验证集上评估...
2026-07-18 19:06:42,790 - INFO: 轮次：3，验证平均损失:1.2561，耗时：4.4409s
2026-07-18 19:06:46,513 - INFO: 轮次：3，验证平均损失:1.2101，耗时：8.1631s
2026-07-18 19:06:50,311 - INFO: 轮次：3，验证平均损失:1.2134，耗时：11.9605s
2026-07-18 19:06:54,004 - INFO: 轮次：3，验证平均损失:1.2103，耗时：15.6546s
2026-07-18 19:06:57,582 - INFO: 轮次：3，验证平均损失:1.2418，耗时：19.2324s
2026-07-18 19:07:01,478 - INFO: 轮次：3，验证平均损失:1.2127，耗时：23.1291s
2026-07-18 19:07:05,113 - INFO: 轮次：3，验证平均损失:1.1684，耗时：26.7640s
2026-07-18 19:07:08,617 - INFO: 轮次：3，验证平均损失:1.2190，耗时：30.2673s
2026-07-18 19:07:12,741 - INFO: 轮次：3，验证平均损失:1.2153，耗时：34.3915s
2026-07-18 19:07:16,854 - INFO: 轮次：3，验证平均损失:1.2265，耗时：38.5036s
2026-07-18 19:07:20,237 - INFO: 轮次：3，验证平均损失:1.2330，耗时：41.8881s
2026-07-18 19:07:23,954 - INFO: 轮次：3，验证平均损失:1.1964，耗时：45.6044s
2026-07-18 19:07:26,756 - INFO: ----- 第 3/20 轮结束 -----
2026-07-18 19:07:26,756 - INFO: ----- 第 4/20 轮开始 -----
2026-07-18 19:08:03,270 - INFO: 轮次：4，训练平均损失:1.0163，耗时：36.5141s
2026-07-18 19:08:39,481 - INFO: 轮次：4，训练平均损失:1.0401，耗时：72.7248s
2026-07-18 19:09:16,007 - INFO: 轮次：4，训练平均损失:1.0474，耗时：109.2514s
2026-07-18 19:09:51,767 - INFO: 轮次：4，训练平均损失:1.0768，耗时：145.0106s
2026-07-18 19:10:27,432 - INFO: 轮次：4，训练平均损失:1.0614，耗时：180.6756s
2026-07-18 19:11:03,474 - INFO: 轮次：4，训练平均损失:1.0625，耗时：216.7179s
2026-07-18 19:11:40,230 - INFO: 轮次：4，训练平均损失:1.0425，耗时：253.4742s
2026-07-18 19:12:18,367 - INFO: 轮次：4，训练平均损失:1.0324，耗时：291.6112s
2026-07-18 19:12:57,075 - INFO: 轮次：4，训练平均损失:1.0469，耗时：330.3180s
2026-07-18 19:13:47,745 - INFO: 轮次：4，训练平均损失:1.0096，耗时：380.9891s
2026-07-18 19:14:34,491 - INFO: 轮次：4，训练平均损失:1.0469，耗时：427.7354s
2026-07-18 19:15:22,030 - INFO: 轮次：4，训练平均损失:1.0885，耗时：475.2743s
2026-07-18 19:16:08,359 - INFO: 轮次：4，训练平均损失:0.9978，耗时：521.6028s
2026-07-18 19:16:55,355 - INFO: 轮次：4，训练平均损失:1.0662，耗时：568.5988s
2026-07-18 19:17:42,188 - INFO: 轮次：4，训练平均损失:0.9933，耗时：615.4320s
2026-07-18 19:18:26,623 - INFO: 轮次：4，训练平均损失:0.9950，耗时：659.8671s
2026-07-18 19:19:14,389 - INFO: 轮次：4，训练平均损失:1.0022，耗时：707.6324s
2026-07-18 19:20:01,426 - INFO: 轮次：4，训练平均损失:1.0034，耗时：754.6699s
2026-07-18 19:20:48,589 - INFO: 轮次：4，训练平均损失:1.0179，耗时：801.8328s
2026-07-18 19:21:38,005 - INFO: 轮次：4，训练平均损失:1.0124，耗时：851.2481s
2026-07-18 19:22:24,764 - INFO: 轮次：4，训练平均损失:1.0031，耗时：898.0079s
2026-07-18 19:23:13,317 - INFO: 轮次：4，训练平均损失:1.0128，耗时：946.5604s
2026-07-18 19:23:59,873 - INFO: 轮次：4，训练平均损失:0.9855，耗时：993.1168s
2026-07-18 19:24:49,370 - INFO: 轮次：4，训练平均损失:1.0218，耗时：1042.6137s
2026-07-18 19:25:35,912 - INFO: 轮次：4，训练平均损失:1.0244，耗时：1089.1558s
2026-07-18 19:26:24,628 - INFO: 轮次：4，训练平均损失:0.9931，耗时：1137.8716s
2026-07-18 19:27:12,964 - INFO: 轮次：4，训练平均损失:1.0123，耗时：1186.2080s
2026-07-18 19:28:04,096 - INFO: 轮次：4，训练平均损失:0.9841，耗时：1237.3399s
2026-07-18 19:28:50,039 - INFO: 轮次：4，训练平均损失:0.9832，耗时：1283.2833s
2026-07-18 19:29:35,995 - INFO: 轮次：4，训练平均损失:1.0205，耗时：1329.2376s
2026-07-18 19:30:21,186 - INFO: 轮次：4，训练平均损失:1.0416，耗时：1374.4297s
2026-07-18 19:31:07,305 - INFO: 轮次：4，训练平均损失:0.9368，耗时：1420.5486s
2026-07-18 19:31:53,171 - INFO: 轮次：4，训练平均损失:0.9886，耗时：1466.4151s
2026-07-18 19:32:40,881 - INFO: 轮次：4，训练平均损失:0.9825，耗时：1514.1251s
2026-07-18 19:33:29,310 - INFO: 轮次：4，训练平均损失:0.9685，耗时：1562.5538s
2026-07-18 19:34:07,771 - INFO: 轮次：4，训练平均损失:1.0385，耗时：1601.0147s
2026-07-18 19:34:54,047 - INFO: 轮次：4，训练平均损失:0.9522，耗时：1647.2912s
2026-07-18 19:35:39,716 - INFO: 轮次：4，训练平均损失:0.9878，耗时：1692.9605s
2026-07-18 19:36:23,532 - INFO: 轮次：4，训练平均损失:0.9453，耗时：1736.7756s
2026-07-18 19:37:06,401 - INFO: 轮次：4，训练平均损失:0.8999，耗时：1779.6445s
2026-07-18 19:37:44,253 - INFO: 轮次：4，训练平均损失:0.9499，耗时：1817.4972s
2026-07-18 19:38:23,039 - INFO: 轮次：4，训练平均损失:0.9595，耗时：1856.2833s
2026-07-18 19:38:59,828 - INFO: 轮次：4，训练平均损失:1.0044，耗时：1893.0718s
2026-07-18 19:39:36,183 - INFO: 轮次：4，训练平均损失:1.0047，耗时：1929.4269s
2026-07-18 19:40:12,298 - INFO: 轮次：4，训练平均损失:0.9967，耗时：1965.5417s
2026-07-18 19:40:54,738 - INFO: 轮次：4，训练平均损失:0.9546，耗时：2007.9819s
2026-07-18 19:41:39,328 - INFO: 轮次：4，训练平均损失:0.9450，耗时：2052.5718s
2026-07-18 19:42:28,500 - INFO: 轮次：4，训练平均损失:1.0198，耗时：2101.7439s
2026-07-18 19:43:12,940 - INFO: 轮次：4，训练平均损失:1.0027，耗时：2146.1840s
2026-07-18 19:43:57,957 - INFO: 轮次：4，训练平均损失:1.0021，耗时：2191.2015s
2026-07-18 19:44:30,009 - INFO: 模型已保存：../model/encoder_epoch4.pth，../model/decoder_epoch4.pth
2026-07-18 19:44:30,009 - INFO: 轮次：4，开始在验证集上评估...
2026-07-18 19:44:33,156 - INFO: 轮次：4，验证平均损失:1.1104，耗时：3.1462s
2026-07-18 19:44:36,337 - INFO: 轮次：4，验证平均损失:1.0796，耗时：6.3273s
2026-07-18 19:44:39,895 - INFO: 轮次：4，验证平均损失:1.0849，耗时：9.8858s
2026-07-18 19:44:43,837 - INFO: 轮次：4，验证平均损失:1.0728，耗时：13.8277s
2026-07-18 19:44:47,113 - INFO: 轮次：4，验证平均损失:1.1014，耗时：17.1038s
2026-07-18 19:44:50,692 - INFO: 轮次：4，验证平均损失:1.0717，耗时：20.6830s
2026-07-18 19:44:54,326 - INFO: 轮次：4，验证平均损失:1.0448，耗时：24.3168s
2026-07-18 19:44:57,677 - INFO: 轮次：4，验证平均损失:1.0794，耗时：27.6678s
2026-07-18 19:45:01,146 - INFO: 轮次：4，验证平均损失:1.0745，耗时：31.1362s
2026-07-18 19:45:04,610 - INFO: 轮次：4，验证平均损失:1.0798，耗时：34.5998s
2026-07-18 19:45:08,775 - INFO: 轮次：4，验证平均损失:1.0904，耗时：38.7653s
2026-07-18 19:45:12,411 - INFO: 轮次：4，验证平均损失:1.0455，耗时：42.4015s
2026-07-18 19:45:15,123 - INFO: ----- 第 4/20 轮结束 -----
2026-07-18 19:45:15,124 - INFO: ----- 第 5/20 轮开始 -----
2026-07-18 19:46:03,288 - INFO: 轮次：5，训练平均损失:0.8660，耗时：48.1639s
2026-07-18 19:46:52,229 - INFO: 轮次：5，训练平均损失:0.9029，耗时：97.1045s
2026-07-18 19:47:38,268 - INFO: 轮次：5，训练平均损失:0.9055，耗时：143.1439s
2026-07-18 19:48:23,506 - INFO: 轮次：5，训练平均损失:0.8503，耗时：188.3817s
2026-07-18 19:49:11,460 - INFO: 轮次：5，训练平均损失:0.8882，耗时：236.3358s
2026-07-18 19:49:57,016 - INFO: 轮次：5，训练平均损失:0.8687，耗时：281.8918s
2026-07-18 19:50:42,970 - INFO: 轮次：5，训练平均损失:0.8341，耗时：327.8463s
2026-07-18 19:51:30,115 - INFO: 轮次：5，训练平均损失:0.9016，耗时：374.9912s
2026-07-18 19:52:15,509 - INFO: 轮次：5，训练平均损失:0.8875，耗时：420.3850s
2026-07-18 19:53:01,948 - INFO: 轮次：5，训练平均损失:0.8174，耗时：466.8238s
2026-07-18 19:53:47,672 - INFO: 轮次：5，训练平均损失:0.8517，耗时：512.5478s
2026-07-18 19:54:34,016 - INFO: 轮次：5，训练平均损失:0.8267，耗时：558.8917s
2026-07-18 19:55:20,524 - INFO: 轮次：5，训练平均损失:0.9032，耗时：605.4002s
2026-07-18 19:56:05,669 - INFO: 轮次：5，训练平均损失:0.7973，耗时：650.5452s
2026-07-18 19:56:52,922 - INFO: 轮次：5，训练平均损失:0.8529，耗时：697.7980s
2026-07-18 19:57:37,231 - INFO: 轮次：5，训练平均损失:0.8730，耗时：742.1071s
2026-07-18 19:58:22,965 - INFO: 轮次：5，训练平均损失:0.8588，耗时：787.8409s
2026-07-18 19:59:07,338 - INFO: 轮次：5，训练平均损失:0.8712，耗时：832.2143s
2026-07-18 19:59:52,706 - INFO: 轮次：5，训练平均损失:0.8469，耗时：877.5819s
2026-07-18 20:00:39,243 - INFO: 轮次：5，训练平均损失:0.8380，耗时：924.1193s
2026-07-18 20:01:23,423 - INFO: 轮次：5，训练平均损失:0.8833，耗时：968.2993s
2026-07-18 20:02:09,084 - INFO: 轮次：5，训练平均损失:0.8435，耗时：1013.9603s
2026-07-18 20:02:55,305 - INFO: 轮次：5，训练平均损失:0.8940，耗时：1060.1807s
2026-07-18 20:03:39,278 - INFO: 轮次：5，训练平均损失:0.8532，耗时：1104.1544s
2026-07-18 20:04:22,604 - INFO: 轮次：5，训练平均损失:0.8300，耗时：1147.4803s
2026-07-18 20:05:10,443 - INFO: 轮次：5，训练平均损失:0.8376，耗时：1195.3193s
2026-07-18 20:05:55,625 - INFO: 轮次：5，训练平均损失:0.8605，耗时：1240.5001s
2026-07-18 20:06:41,153 - INFO: 轮次：5，训练平均损失:0.8841，耗时：1286.0288s
2026-07-18 20:07:27,970 - INFO: 轮次：5，训练平均损失:0.8561，耗时：1332.8464s
2026-07-18 20:08:13,866 - INFO: 轮次：5，训练平均损失:0.8130，耗时：1378.7417s
2026-07-18 20:08:59,465 - INFO: 轮次：5，训练平均损失:0.8390，耗时：1424.3413s
2026-07-18 20:09:44,533 - INFO: 轮次：5，训练平均损失:0.8507，耗时：1469.4089s
2026-07-18 20:10:29,113 - INFO: 轮次：5，训练平均损失:0.8381，耗时：1513.9888s
2026-07-18 20:11:15,532 - INFO: 轮次：5，训练平均损失:0.8358，耗时：1560.4083s
2026-07-18 20:12:07,971 - INFO: 轮次：5，训练平均损失:0.8789，耗时：1612.8467s
2026-07-18 20:12:54,312 - INFO: 轮次：5，训练平均损失:0.8269，耗时：1659.1877s
2026-07-18 20:13:43,433 - INFO: 轮次：5，训练平均损失:0.8577，耗时：1708.3089s
2026-07-18 20:14:32,056 - INFO: 轮次：5，训练平均损失:0.8617，耗时：1756.9320s
2026-07-18 20:15:18,810 - INFO: 轮次：5，训练平均损失:0.7939，耗时：1803.6863s
2026-07-18 20:16:05,432 - INFO: 轮次：5，训练平均损失:0.8288，耗时：1850.3080s
2026-07-18 20:16:53,373 - INFO: 轮次：5，训练平均损失:0.7983，耗时：1898.2490s
2026-07-18 20:17:38,373 - INFO: 轮次：5，训练平均损失:0.8484，耗时：1943.2487s
2026-07-18 20:18:25,834 - INFO: 轮次：5，训练平均损失:0.8861，耗时：1990.7100s
2026-07-18 20:19:12,147 - INFO: 轮次：5，训练平均损失:0.8154，耗时：2037.0232s
2026-07-18 20:19:58,331 - INFO: 轮次：5，训练平均损失:0.8680，耗时：2083.2070s
2026-07-18 20:20:42,470 - INFO: 轮次：5，训练平均损失:0.8708，耗时：2127.3456s
2026-07-18 20:21:26,291 - INFO: 轮次：5，训练平均损失:0.8533，耗时：2171.1670s
2026-07-18 20:22:11,364 - INFO: 轮次：5，训练平均损失:0.8597，耗时：2216.2398s
2026-07-18 20:22:48,298 - INFO: 轮次：5，训练平均损失:0.8691，耗时：2253.1736s
2026-07-18 20:23:23,597 - INFO: 轮次：5，训练平均损失:0.8423，耗时：2288.4732s
2026-07-18 20:23:54,664 - INFO: 模型已保存：../model/encoder_epoch5.pth，../model/decoder_epoch5.pth
2026-07-18 20:23:54,664 - INFO: 轮次：5，开始在验证集上评估...
2026-07-18 20:23:57,622 - INFO: 轮次：5，验证平均损失:0.9523，耗时：2.9564s
2026-07-18 20:24:00,692 - INFO: 轮次：5，验证平均损失:0.9364，耗时：6.0263s
2026-07-18 20:24:03,678 - INFO: 轮次：5，验证平均损失:0.9480，耗时：9.0141s
2026-07-18 20:24:06,537 - INFO: 轮次：5，验证平均损失:0.9384，耗时：11.8723s
2026-07-18 20:24:09,322 - INFO: 轮次：5，验证平均损失:0.9599，耗时：14.6580s
2026-07-18 20:24:12,303 - INFO: 轮次：5，验证平均损失:0.9249，耗时：17.6383s
2026-07-18 20:24:15,858 - INFO: 轮次：5，验证平均损失:0.8871，耗时：21.1931s
2026-07-18 20:24:19,029 - INFO: 轮次：5，验证平均损失:0.9496，耗时：24.3650s
2026-07-18 20:24:21,851 - INFO: 轮次：5，验证平均损失:0.9251，耗时：27.1869s
2026-07-18 20:24:24,933 - INFO: 轮次：5，验证平均损失:0.9395，耗时：30.2685s
2026-07-18 20:24:28,001 - INFO: 轮次：5，验证平均损失:0.9472，耗时：33.3372s
2026-07-18 20:24:31,002 - INFO: 轮次：5，验证平均损失:0.9145，耗时：36.3374s
2026-07-18 20:24:33,226 - INFO: ----- 第 5/20 轮结束 -----
2026-07-18 20:24:33,226 - INFO: ----- 第 6/20 轮开始 -----
2026-07-18 20:25:08,484 - INFO: 轮次：6，训练平均损失:0.7239，耗时：35.2588s
2026-07-18 20:25:43,762 - INFO: 轮次：6，训练平均损失:0.7611，耗时：70.5364s
2026-07-18 20:26:19,049 - INFO: 轮次：6，训练平均损失:0.7275，耗时：105.8236s
2026-07-18 20:26:54,374 - INFO: 轮次：6，训练平均损失:0.7563，耗时：141.1487s
2026-07-18 20:27:29,548 - INFO: 轮次：6，训练平均损失:0.7148，耗时：176.3220s
2026-07-18 20:28:05,033 - INFO: 轮次：6，训练平均损失:0.7602，耗时：211.8075s
2026-07-18 20:28:40,447 - INFO: 轮次：6，训练平均损失:0.7953，耗时：247.2213s
2026-07-18 20:29:16,300 - INFO: 轮次：6，训练平均损失:0.7041，耗时：283.0739s
2026-07-18 20:29:51,380 - INFO: 轮次：6，训练平均损失:0.7540，耗时：318.1541s
2026-07-18 20:30:26,425 - INFO: 轮次：6，训练平均损失:0.7888，耗时：353.1991s
2026-07-18 20:31:01,399 - INFO: 轮次：6，训练平均损失:0.7494，耗时：388.1725s
2026-07-18 20:31:36,617 - INFO: 轮次：6，训练平均损失:0.7342，耗时：423.3915s
2026-07-18 20:32:11,966 - INFO: 轮次：6，训练平均损失:0.7167，耗时：458.7407s
2026-07-18 20:32:46,744 - INFO: 轮次：6，训练平均损失:0.7821，耗时：493.5185s
2026-07-18 20:33:21,888 - INFO: 轮次：6，训练平均损失:0.7935，耗时：528.6624s
2026-07-18 20:33:57,144 - INFO: 轮次：6，训练平均损失:0.7813，耗时：563.9181s
2026-07-18 20:34:32,305 - INFO: 轮次：6，训练平均损失:0.7612，耗时：599.0789s
2026-07-18 20:35:07,756 - INFO: 轮次：6，训练平均损失:0.7696，耗时：634.5305s
2026-07-18 20:35:43,026 - INFO: 轮次：6，训练平均损失:0.7711，耗时：669.8003s
2026-07-18 20:36:18,075 - INFO: 轮次：6，训练平均损失:0.7643，耗时：704.8479s
2026-07-18 20:36:53,617 - INFO: 轮次：6，训练平均损失:0.7424，耗时：740.3918s
2026-07-18 20:37:29,084 - INFO: 轮次：6，训练平均损失:0.7792，耗时：775.8577s
2026-07-18 20:38:05,287 - INFO: 轮次：6，训练平均损失:0.7996，耗时：812.0612s
2026-07-18 20:38:40,506 - INFO: 轮次：6，训练平均损失:0.7866，耗时：847.2801s
2026-07-18 20:39:16,130 - INFO: 轮次：6，训练平均损失:0.7587，耗时：882.9039s
2026-07-18 20:39:51,692 - INFO: 轮次：6，训练平均损失:0.7741，耗时：918.4663s
2026-07-18 20:40:27,268 - INFO: 轮次：6，训练平均损失:0.7463，耗时：954.0422s
2026-07-18 20:41:02,707 - INFO: 轮次：6，训练平均损失:0.7685，耗时：989.4809s
2026-07-18 20:41:38,085 - INFO: 轮次：6，训练平均损失:0.7298，耗时：1024.8594s
2026-07-18 20:42:13,505 - INFO: 轮次：6，训练平均损失:0.7578，耗时：1060.2792s
2026-07-18 20:42:48,980 - INFO: 轮次：6，训练平均损失:0.7226，耗时：1095.7544s
2026-07-18 20:43:24,163 - INFO: 轮次：6，训练平均损失:0.7541，耗时：1130.9372s
2026-07-18 20:43:59,586 - INFO: 轮次：6，训练平均损失:0.7446，耗时：1166.3608s
2026-07-18 20:44:34,727 - INFO: 轮次：6，训练平均损失:0.7249，耗时：1201.5013s
2026-07-18 20:45:09,779 - INFO: 轮次：6，训练平均损失:0.7366，耗时：1236.5533s
2026-07-18 20:45:44,853 - INFO: 轮次：6，训练平均损失:0.7163，耗时：1271.6274s
2026-07-18 20:46:20,060 - INFO: 轮次：6，训练平均损失:0.7901，耗时：1306.8335s
2026-07-18 20:46:55,231 - INFO: 轮次：6，训练平均损失:0.7409，耗时：1342.0052s
2026-07-18 20:47:30,552 - INFO: 轮次：6，训练平均损失:0.7227，耗时：1377.3268s
2026-07-18 20:48:05,443 - INFO: 轮次：6，训练平均损失:0.7706，耗时：1412.2170s
2026-07-18 20:48:40,621 - INFO: 轮次：6，训练平均损失:0.7536，耗时：1447.3952s
2026-07-18 20:49:15,960 - INFO: 轮次：6，训练平均损失:0.7565，耗时：1482.7339s
2026-07-18 20:49:50,931 - INFO: 轮次：6，训练平均损失:0.7452，耗时：1517.7057s
2026-07-18 20:50:25,856 - INFO: 轮次：6，训练平均损失:0.7501，耗时：1552.6301s
2026-07-18 20:51:00,909 - INFO: 轮次：6，训练平均损失:0.7476，耗时：1587.6838s
2026-07-18 20:51:36,000 - INFO: 轮次：6，训练平均损失:0.7531，耗时：1622.7746s
2026-07-18 20:52:11,100 - INFO: 轮次：6，训练平均损失:0.7349，耗时：1657.8746s
2026-07-18 20:52:46,235 - INFO: 轮次：6，训练平均损失:0.7563，耗时：1693.0079s
2026-07-18 20:53:21,140 - INFO: 轮次：6，训练平均损失:0.7094，耗时：1727.9143s
2026-07-18 20:53:56,009 - INFO: 轮次：6，训练平均损失:0.7154，耗时：1762.7829s
2026-07-18 20:54:26,382 - INFO: 模型已保存：../model/encoder_epoch6.pth，../model/decoder_epoch6.pth
2026-07-18 20:54:26,382 - INFO: 轮次：6，开始在验证集上评估...
2026-07-18 20:54:29,316 - INFO: 轮次：6，验证平均损失:0.8953，耗时：2.9345s
2026-07-18 20:54:32,380 - INFO: 轮次：6，验证平均损失:0.8166，耗时：5.9981s
2026-07-18 20:54:35,300 - INFO: 轮次：6，验证平均损失:0.8463，耗时：8.9185s
2026-07-18 20:54:38,291 - INFO: 轮次：6，验证平均损失:0.8153，耗时：11.9088s
2026-07-18 20:54:41,138 - INFO: 轮次：6，验证平均损失:0.8607，耗时：14.7559s
2026-07-18 20:54:43,978 - INFO: 轮次：6，验证平均损失:0.8423，耗时：17.5964s
2026-07-18 20:54:47,045 - INFO: 轮次：6，验证平均损失:0.8076，耗时：20.6631s
2026-07-18 20:54:50,071 - INFO: 轮次：6，验证平均损失:0.8444，耗时：23.6893s
2026-07-18 20:54:53,143 - INFO: 轮次：6，验证平均损失:0.8221，耗时：26.7602s
2026-07-18 20:54:56,115 - INFO: 轮次：6，验证平均损失:0.8294，耗时：29.7331s
2026-07-18 20:54:59,049 - INFO: 轮次：6，验证平均损失:0.8817，耗时：32.6673s
2026-07-18 20:55:02,086 - INFO: 轮次：6，验证平均损失:0.8281，耗时：35.7041s
2026-07-18 20:55:04,211 - INFO: ----- 第 6/20 轮结束 -----
2026-07-18 20:55:04,211 - INFO: ----- 第 7/20 轮开始 -----
2026-07-18 20:55:39,361 - INFO: 轮次：7，训练平均损失:0.6389，耗时：35.1501s
2026-07-18 20:56:14,245 - INFO: 轮次：7，训练平均损失:0.6783，耗时：70.0327s
2026-07-18 20:56:49,263 - INFO: 轮次：7，训练平均损失:0.6618，耗时：105.0516s
2026-07-18 20:57:24,653 - INFO: 轮次：7，训练平均损失:0.6527，耗时：140.4422s
2026-07-18 20:57:59,850 - INFO: 轮次：7，训练平均损失:0.7001，耗时：175.6393s
2026-07-18 20:58:35,592 - INFO: 轮次：7，训练平均损失:0.6920，耗时：211.3803s
2026-07-18 20:59:11,251 - INFO: 轮次：7，训练平均损失:0.6604，耗时：247.0398s
2026-07-18 20:59:46,314 - INFO: 轮次：7，训练平均损失:0.6954，耗时：282.1030s
2026-07-18 21:00:21,860 - INFO: 轮次：7，训练平均损失:0.6962，耗时：317.6490s
2026-07-18 21:01:02,203 - INFO: 轮次：7，训练平均损失:0.6721，耗时：357.9916s
2026-07-18 21:01:51,716 - INFO: 轮次：7，训练平均损失:0.6665，耗时：407.5046s
2026-07-18 21:02:36,906 - INFO: 轮次：7，训练平均损失:0.6993，耗时：452.6952s
2026-07-18 21:03:22,797 - INFO: 轮次：7，训练平均损失:0.6486，耗时：498.5855s
2026-07-18 21:04:08,535 - INFO: 轮次：7，训练平均损失:0.6838，耗时：544.3239s
2026-07-18 21:04:52,589 - INFO: 轮次：7，训练平均损失:0.6611，耗时：588.3780s
2026-07-18 21:05:37,555 - INFO: 轮次：7，训练平均损失:0.6843，耗时：633.3438s
2026-07-18 21:06:21,310 - INFO: 轮次：7，训练平均损失:0.6855，耗时：677.0992s
2026-07-18 21:07:06,121 - INFO: 轮次：7，训练平均损失:0.6646，耗时：721.9095s
2026-07-18 21:07:51,851 - INFO: 轮次：7，训练平均损失:0.6682，耗时：767.6402s
2026-07-18 21:08:36,963 - INFO: 轮次：7，训练平均损失:0.7124，耗时：812.7522s
2026-07-18 21:09:21,842 - INFO: 轮次：7，训练平均损失:0.7216，耗时：857.6302s
2026-07-18 21:10:05,907 - INFO: 轮次：7，训练平均损失:0.7033，耗时：901.6954s
2026-07-18 21:10:49,650 - INFO: 轮次：7，训练平均损失:0.6904，耗时：945.4382s
2026-07-18 21:11:33,837 - INFO: 轮次：7，训练平均损失:0.6806，耗时：989.6260s
2026-07-18 21:12:20,826 - INFO: 轮次：7，训练平均损失:0.6421，耗时：1036.6151s
2026-07-18 21:13:04,653 - INFO: 轮次：7，训练平均损失:0.6962，耗时：1080.4418s
2026-07-18 21:13:49,928 - INFO: 轮次：7，训练平均损失:0.7098，耗时：1125.7173s
2026-07-18 21:14:34,557 - INFO: 轮次：7，训练平均损失:0.6581，耗时：1170.3460s
2026-07-18 21:15:18,836 - INFO: 轮次：7，训练平均损失:0.6775，耗时：1214.6246s
2026-07-18 21:16:04,289 - INFO: 轮次：7，训练平均损失:0.7304，耗时：1260.0782s
2026-07-18 21:16:48,900 - INFO: 轮次：7，训练平均损失:0.6942，耗时：1304.6885s
2026-07-18 21:17:34,485 - INFO: 轮次：7，训练平均损失:0.6468，耗时：1350.2734s
2026-07-18 21:18:20,676 - INFO: 轮次：7，训练平均损失:0.6947，耗时：1396.4651s
2026-07-18 21:19:06,353 - INFO: 轮次：7，训练平均损失:0.6813，耗时：1442.1420s
2026-07-18 21:19:52,375 - INFO: 轮次：7，训练平均损失:0.6698，耗时：1488.1636s
2026-07-18 21:20:38,086 - INFO: 轮次：7，训练平均损失:0.6535，耗时：1533.8748s
2026-07-18 21:21:24,579 - INFO: 轮次：7，训练平均损失:0.6953，耗时：1580.3679s
2026-07-18 21:22:11,309 - INFO: 轮次：7，训练平均损失:0.6680，耗时：1627.0973s
2026-07-18 21:22:57,894 - INFO: 轮次：7，训练平均损失:0.6848，耗时：1673.6832s
2026-07-18 21:23:44,604 - INFO: 轮次：7，训练平均损失:0.6827，耗时：1720.3928s
2026-07-18 21:24:30,419 - INFO: 轮次：7，训练平均损失:0.6953，耗时：1766.2078s
2026-07-18 21:25:18,826 - INFO: 轮次：7，训练平均损失:0.6923，耗时：1814.6151s
2026-07-18 21:26:05,767 - INFO: 轮次：7，训练平均损失:0.6832，耗时：1861.5559s
2026-07-18 21:26:53,060 - INFO: 轮次：7，训练平均损失:0.6507，耗时：1908.8489s
2026-07-18 21:27:40,167 - INFO: 轮次：7，训练平均损失:0.6701，耗时：1955.9562s
2026-07-18 21:28:19,193 - INFO: 轮次：7，训练平均损失:0.6779，耗时：1994.9817s
2026-07-18 21:28:58,587 - INFO: 轮次：7，训练平均损失:0.6605，耗时：2034.3760s
2026-07-18 21:29:43,857 - INFO: 轮次：7，训练平均损失:0.6828，耗时：2079.6455s
2026-07-18 21:30:28,917 - INFO: 轮次：7，训练平均损失:0.7004，耗时：2124.7058s
2026-07-18 21:31:17,819 - INFO: 轮次：7，训练平均损失:0.6574，耗时：2173.6083s
2026-07-18 21:32:00,721 - INFO: 模型已保存：../model/encoder_epoch7.pth，../model/decoder_epoch7.pth
2026-07-18 21:32:00,721 - INFO: 轮次：7，开始在验证集上评估...
2026-07-18 21:32:05,108 - INFO: 轮次：7，验证平均损失:0.8333，耗时：4.3865s
2026-07-18 21:32:09,096 - INFO: 轮次：7，验证平均损失:0.7569，耗时：8.3744s
2026-07-18 21:32:13,874 - INFO: 轮次：7，验证平均损失:0.8033，耗时：13.1528s
2026-07-18 21:32:19,461 - INFO: 轮次：7，验证平均损失:0.7811，耗时：18.7397s
2026-07-18 21:32:24,695 - INFO: 轮次：7，验证平均损失:0.8064，耗时：23.9743s
2026-07-18 21:32:30,195 - INFO: 轮次：7，验证平均损失:0.7765，耗时：29.4742s
2026-07-18 21:32:35,198 - INFO: 轮次：7，验证平均损失:0.7649，耗时：34.4771s
2026-07-18 21:32:39,985 - INFO: 轮次：7，验证平均损失:0.7995，耗时：39.2636s
2026-07-18 21:32:44,941 - INFO: 轮次：7，验证平均损失:0.7600，耗时：44.2195s
2026-07-18 21:32:50,008 - INFO: 轮次：7，验证平均损失:0.7894，耗时：49.2865s
2026-07-18 21:32:55,321 - INFO: 轮次：7，验证平均损失:0.8251，耗时：54.5994s
2026-07-18 21:33:01,395 - INFO: 轮次：7，验证平均损失:0.7822，耗时：60.6734s
2026-07-18 21:33:04,719 - INFO: ----- 第 7/20 轮结束 -----
2026-07-18 21:33:04,719 - INFO: ----- 第 8/20 轮开始 -----
2026-07-18 21:33:51,127 - INFO: 轮次：8，训练平均损失:0.6217，耗时：46.4088s
2026-07-18 21:34:35,351 - INFO: 轮次：8，训练平均损失:0.6025，耗时：90.6320s
2026-07-18 21:35:19,552 - INFO: 轮次：8，训练平均损失:0.5800，耗时：134.8338s
2026-07-18 21:36:03,294 - INFO: 轮次：8，训练平均损失:0.6231，耗时：178.5753s
2026-07-18 21:36:48,840 - INFO: 轮次：8，训练平均损失:0.6072，耗时：224.1213s
2026-07-18 21:37:37,651 - INFO: 轮次：8，训练平均损失:0.6274，耗时：272.9323s
2026-07-18 21:38:22,857 - INFO: 轮次：8，训练平均损失:0.6320，耗时：318.1382s
2026-07-18 21:39:07,514 - INFO: 轮次：8，训练平均损失:0.6181，耗时：362.7954s
2026-07-18 21:39:52,445 - INFO: 轮次：8，训练平均损失:0.6315，耗时：407.7264s
2026-07-18 21:40:36,753 - INFO: 轮次：8，训练平均损失:0.6422，耗时：452.0343s
2026-07-18 21:41:22,433 - INFO: 轮次：8，训练平均损失:0.6143，耗时：497.7145s
2026-07-18 21:42:08,009 - INFO: 轮次：8，训练平均损失:0.6085，耗时：543.2902s
2026-07-18 21:42:55,186 - INFO: 轮次：8，训练平均损失:0.6412，耗时：590.4676s
2026-07-18 21:43:42,748 - INFO: 轮次：8，训练平均损失:0.6240，耗时：638.0297s
2026-07-18 21:44:29,396 - INFO: 轮次：8，训练平均损失:0.6172，耗时：684.6776s
2026-07-18 21:45:17,109 - INFO: 轮次：8，训练平均损失:0.6334，耗时：732.3900s
2026-07-18 21:46:05,459 - INFO: 轮次：8，训练平均损失:0.6297，耗时：780.7402s
2026-07-18 21:46:53,784 - INFO: 轮次：8，训练平均损失:0.5779，耗时：829.0657s
2026-07-18 21:47:39,378 - INFO: 轮次：8，训练平均损失:0.6611，耗时：874.6595s
2026-07-18 21:48:28,827 - INFO: 轮次：8，训练平均损失:0.6603，耗时：924.1084s
2026-07-18 21:49:14,260 - INFO: 轮次：8，训练平均损失:0.6191，耗时：969.5413s
2026-07-18 21:50:01,968 - INFO: 轮次：8，训练平均损失:0.5984，耗时：1017.2484s
2026-07-18 21:50:46,722 - INFO: 轮次：8，训练平均损失:0.6468，耗时：1062.0034s
2026-07-18 21:51:31,722 - INFO: 轮次：8，训练平均损失:0.6267，耗时：1107.0031s
2026-07-18 21:52:20,711 - INFO: 轮次：8，训练平均损失:0.6655，耗时：1155.9928s
2026-07-18 21:53:05,831 - INFO: 轮次：8，训练平均损失:0.6553，耗时：1201.1129s
2026-07-18 21:53:51,571 - INFO: 轮次：8，训练平均损失:0.6448，耗时：1246.8525s
2026-07-18 21:54:41,119 - INFO: 轮次：8，训练平均损失:0.6571，耗时：1296.4002s
2026-07-18 21:55:28,007 - INFO: 轮次：8，训练平均损失:0.5943，耗时：1343.2882s
2026-07-18 21:56:14,652 - INFO: 轮次：8，训练平均损失:0.6303，耗时：1389.9329s
2026-07-18 21:57:01,111 - INFO: 轮次：8，训练平均损失:0.6490，耗时：1436.3922s
2026-07-18 21:57:46,294 - INFO: 轮次：8，训练平均损失:0.6398，耗时：1481.5749s
2026-07-18 21:58:33,307 - INFO: 轮次：8，训练平均损失:0.6057，耗时：1528.5880s
2026-07-18 21:59:21,441 - INFO: 轮次：8，训练平均损失:0.6306，耗时：1576.7223s
2026-07-18 22:00:09,277 - INFO: 轮次：8，训练平均损失:0.6469，耗时：1624.5582s
2026-07-18 22:00:55,803 - INFO: 轮次：8，训练平均损失:0.5905，耗时：1671.0842s
2026-07-18 22:01:41,980 - INFO: 轮次：8，训练平均损失:0.5543，耗时：1717.2615s
2026-07-18 22:02:27,110 - INFO: 轮次：8，训练平均损失:0.6316，耗时：1762.3817s
2026-07-18 22:03:14,200 - INFO: 轮次：8，训练平均损失:0.5780，耗时：1809.4818s
2026-07-18 22:04:02,498 - INFO: 轮次：8，训练平均损失:0.6067，耗时：1857.7796s
2026-07-18 22:04:43,636 - INFO: 轮次：8，训练平均损失:0.6383，耗时：1898.9173s
2026-07-18 22:05:31,485 - INFO: 轮次：8，训练平均损失:0.6419，耗时：1946.7662s
2026-07-18 22:06:17,783 - INFO: 轮次：8，训练平均损失:0.6257，耗时：1993.0644s
2026-07-18 22:07:04,082 - INFO: 轮次：8，训练平均损失:0.6306，耗时：2039.3635s
2026-07-18 22:07:41,063 - INFO: 轮次：8，训练平均损失:0.6520，耗时：2076.3446s
2026-07-18 22:08:17,129 - INFO: 轮次：8，训练平均损失:0.6222，耗时：2112.4101s
2026-07-18 22:08:53,401 - INFO: 轮次：8，训练平均损失:0.6029，耗时：2148.6821s
2026-07-18 22:09:29,698 - INFO: 轮次：8，训练平均损失:0.6330，耗时：2184.9796s
2026-07-18 22:10:05,531 - INFO: 轮次：8，训练平均损失:0.6680，耗时：2220.8125s
2026-07-18 22:10:41,123 - INFO: 轮次：8，训练平均损失:0.6066，耗时：2256.4048s
2026-07-18 22:11:12,497 - INFO: 模型已保存：../model/encoder_epoch8.pth，../model/decoder_epoch8.pth
2026-07-18 22:11:12,498 - INFO: 轮次：8，开始在验证集上评估...
2026-07-18 22:11:16,049 - INFO: 轮次：8，验证平均损失:0.7759，耗时：3.5516s
2026-07-18 22:11:20,396 - INFO: 轮次：8，验证平均损失:0.7181，耗时：7.8984s
2026-07-18 22:11:24,026 - INFO: 轮次：8，验证平均损失:0.7258，耗时：11.5283s
2026-07-18 22:11:28,149 - INFO: 轮次：8，验证平均损失:0.7235，耗时：15.6500s
2026-07-18 22:11:31,978 - INFO: 轮次：8，验证平均损失:0.7425，耗时：19.4801s
2026-07-18 22:11:35,753 - INFO: 轮次：8，验证平均损失:0.7185，耗时：23.2556s
2026-07-18 22:11:40,694 - INFO: 轮次：8，验证平均损失:0.6947，耗时：28.1968s
2026-07-18 22:11:45,218 - INFO: 轮次：8，验证平均损失:0.7434，耗时：32.7201s
2026-07-18 22:11:50,529 - INFO: 轮次：8，验证平均损失:0.7103，耗时：38.0306s
2026-07-18 22:11:54,559 - INFO: 轮次：8，验证平均损失:0.7339，耗时：42.0610s
2026-07-18 22:11:58,100 - INFO: 轮次：8，验证平均损失:0.7772，耗时：45.6027s
2026-07-18 22:12:01,232 - INFO: 轮次：8，验证平均损失:0.7178，耗时：48.7341s
2026-07-18 22:12:04,025 - INFO: ----- 第 8/20 轮结束 -----
2026-07-18 22:12:04,025 - INFO: ----- 第 9/20 轮开始 -----
2026-07-18 22:12:40,508 - INFO: 轮次：9，训练平均损失:0.5262，耗时：36.4831s
2026-07-18 22:13:16,332 - INFO: 轮次：9，训练平均损失:0.5868，耗时：72.3067s
2026-07-18 22:13:52,159 - INFO: 轮次：9，训练平均损失:0.5903，耗时：108.1343s
2026-07-18 22:14:28,005 - INFO: 轮次：9，训练平均损失:0.5421，耗时：143.9797s
2026-07-18 22:15:04,541 - INFO: 轮次：9，训练平均损失:0.5237，耗时：180.5158s
2026-07-18 22:15:40,486 - INFO: 轮次：9，训练平均损失:0.5610，耗时：216.4609s
2026-07-18 22:16:15,849 - INFO: 轮次：9，训练平均损失:0.5798，耗时：251.8243s
2026-07-18 22:16:51,782 - INFO: 轮次：9，训练平均损失:0.5477，耗时：287.7565s
2026-07-18 22:17:28,418 - INFO: 轮次：9，训练平均损失:0.5907，耗时：324.3917s
2026-07-18 22:18:04,546 - INFO: 轮次：9，训练平均损失:0.5474，耗时：360.5204s
2026-07-18 22:18:40,827 - INFO: 轮次：9，训练平均损失:0.5911，耗时：396.8019s
2026-07-18 22:19:16,959 - INFO: 轮次：9，训练平均损失:0.5844，耗时：432.9342s
2026-07-18 22:19:52,747 - INFO: 轮次：9，训练平均损失:0.5952，耗时：468.7219s
2026-07-18 22:20:28,804 - INFO: 轮次：9，训练平均损失:0.5554，耗时：504.7786s
2026-07-18 22:21:05,383 - INFO: 轮次：9，训练平均损失:0.5942，耗时：541.3579s
2026-07-18 22:21:41,879 - INFO: 轮次：9，训练平均损失:0.5875，耗时：577.8537s
2026-07-18 22:22:18,225 - INFO: 轮次：9，训练平均损失:0.5995，耗时：614.1994s
2026-07-18 22:22:55,156 - INFO: 轮次：9，训练平均损失:0.5694，耗时：651.1313s
2026-07-18 22:23:31,699 - INFO: 轮次：9，训练平均损失:0.6064，耗时：687.6742s
2026-07-18 22:24:08,267 - INFO: 轮次：9，训练平均损失:0.5765，耗时：724.2415s
2026-07-18 22:24:44,281 - INFO: 轮次：9，训练平均损失:0.5851，耗时：760.2561s
2026-07-18 22:25:20,989 - INFO: 轮次：9，训练平均损失:0.6002，耗时：796.9637s
2026-07-18 22:25:57,352 - INFO: 轮次：9，训练平均损失:0.5879，耗时：833.3258s
2026-07-18 22:26:34,412 - INFO: 轮次：9，训练平均损失:0.5931，耗时：870.3871s
2026-07-18 22:27:11,189 - INFO: 轮次：9，训练平均损失:0.5920，耗时：907.1640s
2026-07-18 22:27:47,527 - INFO: 轮次：9，训练平均损失:0.5649，耗时：943.5014s
2026-07-18 22:28:23,782 - INFO: 轮次：9，训练平均损失:0.6040，耗时：979.7565s
2026-07-18 22:29:00,195 - INFO: 轮次：9，训练平均损失:0.5947，耗时：1016.1694s
2026-07-18 22:29:36,896 - INFO: 轮次：9，训练平均损失:0.5462，耗时：1052.8708s
2026-07-18 22:30:12,827 - INFO: 轮次：9，训练平均损失:0.6275，耗时：1088.8018s
2026-07-18 22:30:49,084 - INFO: 轮次：9，训练平均损失:0.5457，耗时：1125.0577s
2026-07-18 22:31:25,385 - INFO: 轮次：9，训练平均损失:0.5923，耗时：1161.3595s
2026-07-18 22:32:01,546 - INFO: 轮次：9，训练平均损失:0.6098，耗时：1197.5213s
2026-07-18 22:32:37,868 - INFO: 轮次：9，训练平均损失:0.6198，耗时：1233.8422s
2026-07-18 22:33:14,132 - INFO: 轮次：9，训练平均损失:0.5910，耗时：1270.1066s
2026-07-18 22:33:50,056 - INFO: 轮次：9，训练平均损失:0.6057，耗时：1306.0304s
2026-07-18 22:34:25,862 - INFO: 轮次：9，训练平均损失:0.6006，耗时：1341.8365s
2026-07-18 22:35:01,968 - INFO: 轮次：9，训练平均损失:0.6359，耗时：1377.9414s
2026-07-18 22:35:37,681 - INFO: 轮次：9，训练平均损失:0.6293，耗时：1413.6560s
2026-07-18 22:36:13,832 - INFO: 轮次：9，训练平均损失:0.5965，耗时：1449.8071s
2026-07-18 22:36:50,185 - INFO: 轮次：9，训练平均损失:0.5588，耗时：1486.1594s
2026-07-18 22:37:26,481 - INFO: 轮次：9，训练平均损失:0.6011，耗时：1522.4557s
2026-07-18 22:38:02,498 - INFO: 轮次：9，训练平均损失:0.5977，耗时：1558.4724s
2026-07-18 22:38:38,809 - INFO: 轮次：9，训练平均损失:0.6202，耗时：1594.7841s
2026-07-18 22:39:15,439 - INFO: 轮次：9，训练平均损失:0.6058，耗时：1631.4137s
2026-07-18 22:39:51,455 - INFO: 轮次：9，训练平均损失:0.6061，耗时：1667.4296s
2026-07-18 22:40:27,193 - INFO: 轮次：9，训练平均损失:0.6050，耗时：1703.1674s
2026-07-18 22:41:03,807 - INFO: 轮次：9，训练平均损失:0.5871，耗时：1739.7820s
2026-07-18 22:41:39,800 - INFO: 轮次：9，训练平均损失:0.6122，耗时：1775.7746s
2026-07-18 22:42:15,939 - INFO: 轮次：9，训练平均损失:0.6159，耗时：1811.9143s
2026-07-18 22:42:47,511 - INFO: 模型已保存：../model/encoder_epoch9.pth，../model/decoder_epoch9.pth
2026-07-18 22:42:47,511 - INFO: 轮次：9，开始在验证集上评估...
2026-07-18 22:42:51,037 - INFO: 轮次：9，验证平均损失:0.7099，耗时：3.5263s
2026-07-18 22:42:54,505 - INFO: 轮次：9，验证平均损失:0.6583，耗时：6.9943s
2026-07-18 22:42:58,179 - INFO: 轮次：9，验证平均损失:0.6913，耗时：10.6680s
2026-07-18 22:43:02,194 - INFO: 轮次：9，验证平均损失:0.6866，耗时：14.6831s
2026-07-18 22:43:06,451 - INFO: 轮次：9，验证平均损失:0.7253，耗时：18.9399s
2026-07-18 22:43:09,790 - INFO: 轮次：9，验证平均损失:0.6784，耗时：22.2793s
2026-07-18 22:43:13,554 - INFO: 轮次：9，验证平均损失:0.6536，耗时：26.0417s
2026-07-18 22:43:17,362 - INFO: 轮次：9，验证平均损失:0.7081，耗时：29.8510s
2026-07-18 22:43:21,504 - INFO: 轮次：9，验证平均损失:0.6654，耗时：33.9932s
2026-07-18 22:43:25,070 - INFO: 轮次：9，验证平均损失:0.6906，耗时：37.5587s
2026-07-18 22:43:28,894 - INFO: 轮次：9，验证平均损失:0.7428，耗时：41.3827s
2026-07-18 22:43:33,118 - INFO: 轮次：9，验证平均损失:0.6880，耗时：45.6065s
2026-07-18 22:43:35,681 - INFO: ----- 第 9/20 轮结束 -----
2026-07-18 22:43:35,681 - INFO: ----- 第 10/20 轮开始 -----
2026-07-18 22:44:12,049 - INFO: 轮次：10，训练平均损失:0.5150，耗时：36.3677s
2026-07-18 22:44:48,125 - INFO: 轮次：10，训练平均损失:0.5283，耗时：72.4432s
2026-07-18 22:45:24,148 - INFO: 轮次：10，训练平均损失:0.5193，耗时：108.4660s
2026-07-18 22:46:00,504 - INFO: 轮次：10，训练平均损失:0.5319，耗时：144.8224s
2026-07-18 22:46:36,388 - INFO: 轮次：10，训练平均损失:0.5368，耗时：180.7065s
2026-07-18 22:47:12,672 - INFO: 轮次：10，训练平均损失:0.5127，耗时：216.9891s
2026-07-18 22:47:48,889 - INFO: 轮次：10，训练平均损失:0.5080，耗时：253.2068s
2026-07-18 22:48:24,654 - INFO: 轮次：10，训练平均损失:0.5678，耗时：288.9725s
2026-07-18 22:49:00,755 - INFO: 轮次：10，训练平均损失:0.4961，耗时：325.0730s
2026-07-18 22:49:36,776 - INFO: 轮次：10，训练平均损失:0.5344，耗时：361.0938s
2026-07-18 22:50:12,857 - INFO: 轮次：10，训练平均损失:0.5661，耗时：397.1757s
2026-07-18 22:50:49,031 - INFO: 轮次：10，训练平均损失:0.5726，耗时：433.3492s
2026-07-18 22:51:25,383 - INFO: 轮次：10，训练平均损失:0.5129，耗时：469.7010s
2026-07-18 22:52:01,725 - INFO: 轮次：10，训练平均损失:0.5328，耗时：506.0426s
2026-07-18 22:52:38,155 - INFO: 轮次：10，训练平均损失:0.5608，耗时：542.4733s
2026-07-18 22:53:14,832 - INFO: 轮次：10，训练平均损失:0.5464，耗时：579.1505s
2026-07-18 22:53:50,824 - INFO: 轮次：10，训练平均损失:0.5251，耗时：615.1422s
2026-07-18 22:54:27,032 - INFO: 轮次：10，训练平均损失:0.5668，耗时：651.3500s
2026-07-18 22:55:03,459 - INFO: 轮次：10，训练平均损失:0.5663，耗时：687.7775s
2026-07-18 22:55:39,558 - INFO: 轮次：10，训练平均损失:0.5586，耗时：723.8766s
2026-07-18 22:56:15,836 - INFO: 轮次：10，训练平均损失:0.5433，耗时：760.1542s
2026-07-18 22:56:52,027 - INFO: 轮次：10，训练平均损失:0.5884，耗时：796.3456s
2026-07-18 22:57:28,532 - INFO: 轮次：10，训练平均损失:0.5433，耗时：832.8501s
2026-07-18 22:58:04,889 - INFO: 轮次：10，训练平均损失:0.5585，耗时：869.2071s
2026-07-18 22:58:41,576 - INFO: 轮次：10，训练平均损失:0.5677，耗时：905.8937s
2026-07-18 22:59:17,585 - INFO: 轮次：10，训练平均损失:0.5529，耗时：941.9033s
2026-07-18 22:59:53,835 - INFO: 轮次：10，训练平均损失:0.5576，耗时：978.1533s
2026-07-18 23:00:30,344 - INFO: 轮次：10，训练平均损失:0.5271，耗时：1014.6620s
2026-07-18 23:01:06,513 - INFO: 轮次：10，训练平均损失:0.5328，耗时：1050.8316s
2026-07-18 23:01:42,568 - INFO: 轮次：10，训练平均损失:0.5431，耗时：1086.8863s
2026-07-18 23:02:18,513 - INFO: 轮次：10，训练平均损失:0.6072，耗时：1122.8312s
2026-07-18 23:02:54,965 - INFO: 轮次：10，训练平均损失:0.5530，耗时：1159.2828s
2026-07-18 23:03:31,153 - INFO: 轮次：10，训练平均损失:0.5400，耗时：1195.4714s
2026-07-18 23:04:07,148 - INFO: 轮次：10，训练平均损失:0.5452，耗时：1231.4665s
2026-07-18 23:04:43,577 - INFO: 轮次：10，训练平均损失:0.5614，耗时：1267.8954s
2026-07-18 23:05:19,376 - INFO: 轮次：10，训练平均损失:0.6122，耗时：1303.6944s
2026-07-18 23:05:55,652 - INFO: 轮次：10，训练平均损失:0.5581，耗时：1339.9703s
2026-07-18 23:06:31,647 - INFO: 轮次：10，训练平均损失:0.5323，耗时：1375.9647s
2026-07-18 23:07:08,193 - INFO: 轮次：10，训练平均损失:0.5519，耗时：1412.5115s
2026-07-18 23:07:44,475 - INFO: 轮次：10，训练平均损失:0.5756，耗时：1448.7930s
2026-07-18 23:08:20,402 - INFO: 轮次：10，训练平均损失:0.5543，耗时：1484.7205s
2026-07-18 23:08:56,703 - INFO: 轮次：10，训练平均损失:0.5662，耗时：1521.0213s
2026-07-18 23:09:33,289 - INFO: 轮次：10，训练平均损失:0.5657，耗时：1557.6073s
2026-07-18 23:10:08,862 - INFO: 轮次：10，训练平均损失:0.5658，耗时：1593.1806s
2026-07-18 23:10:45,070 - INFO: 轮次：10，训练平均损失:0.5534，耗时：1629.3872s
2026-07-18 23:11:21,865 - INFO: 轮次：10，训练平均损失:0.5752，耗时：1666.1835s
2026-07-18 23:12:01,165 - INFO: 轮次：10，训练平均损失:0.5646，耗时：1705.4834s
2026-07-18 23:12:37,500 - INFO: 轮次：10，训练平均损失:0.5635，耗时：1741.8185s
2026-07-18 23:13:14,176 - INFO: 轮次：10，训练平均损失:0.5460，耗时：1778.4942s
2026-07-18 23:13:50,233 - INFO: 轮次：10，训练平均损失:0.5879，耗时：1814.5511s
2026-07-18 23:14:21,651 - INFO: 模型已保存：../model/encoder_epoch10.pth，../model/decoder_epoch10.pth
2026-07-18 23:14:21,651 - INFO: 轮次：10，开始在验证集上评估...
2026-07-18 23:14:25,004 - INFO: 轮次：10，验证平均损失:0.6900，耗时：3.3524s
2026-07-18 23:14:29,107 - INFO: 轮次：10，验证平均损失:0.6520，耗时：7.4560s
2026-07-18 23:14:33,765 - INFO: 轮次：10，验证平均损失:0.6840，耗时：12.1144s
2026-07-18 23:14:37,309 - INFO: 轮次：10，验证平均损失:0.6581，耗时：15.6577s
2026-07-18 23:14:41,089 - INFO: 轮次：10，验证平均损失:0.6973，耗时：19.4377s
2026-07-18 23:14:44,872 - INFO: 轮次：10，验证平均损失:0.6611，耗时：23.2206s
2026-07-18 23:14:48,926 - INFO: 轮次：10，验证平均损失:0.6236，耗时：27.2747s
2026-07-18 23:14:52,903 - INFO: 轮次：10，验证平均损失:0.6705，耗时：31.2525s
2026-07-18 23:14:56,619 - INFO: 轮次：10，验证平均损失:0.6530，耗时：34.9685s
2026-07-18 23:15:00,432 - INFO: 轮次：10，验证平均损失:0.6600，耗时：38.7814s
2026-07-18 23:15:04,276 - INFO: 轮次：10，验证平均损失:0.6850，耗时：42.6252s
2026-07-18 23:15:08,059 - INFO: 轮次：10，验证平均损失:0.6564，耗时：46.4078s
2026-07-18 23:15:10,881 - INFO: ----- 第 10/20 轮结束 -----
2026-07-18 23:15:10,882 - INFO: ----- 第 11/20 轮开始 -----
2026-07-18 23:15:47,227 - INFO: 轮次：11，训练平均损失:0.4758，耗时：36.3451s
2026-07-18 23:16:23,326 - INFO: 轮次：11，训练平均损失:0.4811，耗时：72.4437s
2026-07-18 23:16:59,812 - INFO: 轮次：11，训练平均损失:0.5139，耗时：108.9299s
2026-07-18 23:17:36,039 - INFO: 轮次：11，训练平均损失:0.5260，耗时：145.1572s
2026-07-18 23:18:12,468 - INFO: 轮次：11，训练平均损失:0.5063，耗时：181.5863s
2026-07-18 23:18:48,302 - INFO: 轮次：11，训练平均损失:0.5061，耗时：217.4204s
2026-07-18 23:19:24,319 - INFO: 轮次：11，训练平均损失:0.5015，耗时：253.4372s
2026-07-18 23:20:00,496 - INFO: 轮次：11，训练平均损失:0.5022，耗时：289.6130s
2026-07-18 23:20:36,793 - INFO: 轮次：11，训练平均损失:0.5354，耗时：325.9111s
2026-07-18 23:21:12,987 - INFO: 轮次：11，训练平均损失:0.4985，耗时：362.1046s
2026-07-18 23:21:49,782 - INFO: 轮次：11，训练平均损失:0.5218，耗时：398.9002s
2026-07-18 23:22:25,775 - INFO: 轮次：11，训练平均损失:0.4832，耗时：434.8929s
2026-07-18 23:23:02,166 - INFO: 轮次：11，训练平均损失:0.5095，耗时：471.2838s
2026-07-18 23:23:38,522 - INFO: 轮次：11，训练平均损失:0.5195，耗时：507.6403s
2026-07-18 23:24:14,734 - INFO: 轮次：11，训练平均损失:0.5124，耗时：543.8521s
2026-07-18 23:24:51,234 - INFO: 轮次：11，训练平均损失:0.5322，耗时：580.3516s
2026-07-18 23:25:27,579 - INFO: 轮次：11，训练平均损失:0.5411，耗时：616.6973s
2026-07-18 23:26:03,976 - INFO: 轮次：11，训练平均损失:0.4836，耗时：653.0936s
2026-07-18 23:26:39,877 - INFO: 轮次：11，训练平均损失:0.5111，耗时：688.9954s
2026-07-18 23:27:16,491 - INFO: 轮次：11，训练平均损失:0.4965，耗时：725.6085s
2026-07-18 23:27:52,994 - INFO: 轮次：11，训练平均损失:0.5114，耗时：762.1117s
2026-07-18 23:28:29,754 - INFO: 轮次：11，训练平均损失:0.4921，耗时：798.8724s
2026-07-18 23:29:06,244 - INFO: 轮次：11，训练平均损失:0.4993，耗时：835.3623s
2026-07-18 23:29:42,404 - INFO: 轮次：11，训练平均损失:0.5763，耗时：871.5218s
2026-07-18 23:30:19,049 - INFO: 轮次：11，训练平均损失:0.5442，耗时：908.1667s
2026-07-18 23:30:55,887 - INFO: 轮次：11，训练平均损失:0.5150，耗时：945.0051s
2026-07-18 23:31:32,813 - INFO: 轮次：11，训练平均损失:0.5108，耗时：981.9307s
2026-07-18 23:32:09,464 - INFO: 轮次：11，训练平均损失:0.5116，耗时：1018.5823s
2026-07-18 23:32:45,782 - INFO: 轮次：11，训练平均损失:0.5315，耗时：1054.8998s
2026-07-18 23:33:22,389 - INFO: 轮次：11，训练平均损失:0.5227，耗时：1091.5072s
2026-07-18 23:33:58,731 - INFO: 轮次：11，训练平均损失:0.5441，耗时：1127.8494s
2026-07-18 23:34:34,988 - INFO: 轮次：11，训练平均损失:0.5422，耗时：1164.1061s
2026-07-18 23:35:11,292 - INFO: 轮次：11，训练平均损失:0.5685，耗时：1200.4095s
2026-07-18 23:35:47,882 - INFO: 轮次：11，训练平均损失:0.5592，耗时：1236.9985s
2026-07-18 23:36:24,642 - INFO: 轮次：11，训练平均损失:0.5539，耗时：1273.7604s
2026-07-18 23:37:01,142 - INFO: 轮次：11，训练平均损失:0.5450，耗时：1310.2598s
2026-07-18 23:37:37,471 - INFO: 轮次：11，训练平均损失:0.5240，耗时：1346.5885s
2026-07-18 23:38:14,373 - INFO: 轮次：11，训练平均损失:0.5229，耗时：1383.4908s
2026-07-18 23:38:50,749 - INFO: 轮次：11，训练平均损失:0.5384，耗时：1419.8671s
2026-07-18 23:39:27,384 - INFO: 轮次：11，训练平均损失:0.5342，耗时：1456.5022s
2026-07-18 23:40:04,081 - INFO: 轮次：11，训练平均损失:0.5582，耗时：1493.1988s
2026-07-18 23:40:39,969 - INFO: 轮次：11，训练平均损失:0.5527，耗时：1529.0873s
2026-07-18 23:41:16,492 - INFO: 轮次：11，训练平均损失:0.5048，耗时：1565.6102s
2026-07-18 23:41:52,971 - INFO: 轮次：11，训练平均损失:0.5289，耗时：1602.0890s
2026-07-18 23:42:29,716 - INFO: 轮次：11，训练平均损失:0.5285，耗时：1638.8335s
2026-07-18 23:43:06,742 - INFO: 轮次：11，训练平均损失:0.5360，耗时：1675.8601s
2026-07-18 23:43:43,000 - INFO: 轮次：11，训练平均损失:0.5427，耗时：1712.1178s
2026-07-18 23:44:19,008 - INFO: 轮次：11，训练平均损失:0.5432，耗时：1748.1259s
2026-07-18 23:44:55,263 - INFO: 轮次：11，训练平均损失:0.5836，耗时：1784.3806s
2026-07-18 23:45:31,975 - INFO: 轮次：11，训练平均损失:0.5475，耗时：1821.0934s
2026-07-18 23:46:03,726 - INFO: 模型已保存：../model/encoder_epoch11.pth，../model/decoder_epoch11.pth
2026-07-18 23:46:03,727 - INFO: 轮次：11，开始在验证集上评估...
2026-07-18 23:46:07,737 - INFO: 轮次：11，验证平均损失:0.6905，耗时：4.0100s
2026-07-18 23:46:11,727 - INFO: 轮次：11，验证平均损失:0.6190，耗时：7.9996s
2026-07-18 23:46:15,519 - INFO: 轮次：11，验证平均损失:0.6435，耗时：11.7919s
2026-07-18 23:46:20,034 - INFO: 轮次：11，验证平均损失:0.6264，耗时：16.3067s
2026-07-18 23:46:23,381 - INFO: 轮次：11，验证平均损失:0.6720，耗时：19.6539s
2026-07-18 23:46:26,997 - INFO: 轮次：11，验证平均损失:0.6195，耗时：23.2700s
2026-07-18 23:46:30,884 - INFO: 轮次：11，验证平均损失:0.5969，耗时：27.1571s
2026-07-18 23:46:34,618 - INFO: 轮次：11，验证平均损失:0.6514，耗时：30.8902s
2026-07-18 23:46:38,315 - INFO: 轮次：11，验证平均损失:0.6334，耗时：34.5879s
2026-07-18 23:46:41,799 - INFO: 轮次：11，验证平均损失:0.6563，耗时：38.0716s
2026-07-18 23:46:45,433 - INFO: 轮次：11，验证平均损失:0.6711，耗时：41.7055s
2026-07-18 23:46:49,616 - INFO: 轮次：11，验证平均损失:0.6232，耗时：45.8889s
2026-07-18 23:46:52,183 - INFO: ----- 第 11/20 轮结束 -----
2026-07-18 23:46:52,184 - INFO: ----- 第 12/20 轮开始 -----
2026-07-18 23:47:28,565 - INFO: 轮次：12，训练平均损失:0.4600，耗时：36.3811s
2026-07-18 23:48:04,711 - INFO: 轮次：12，训练平均损失:0.4846，耗时：72.5270s
2026-07-18 23:48:41,119 - INFO: 轮次：12，训练平均损失:0.4879，耗时：108.9352s
2026-07-18 23:49:17,358 - INFO: 轮次：12，训练平均损失:0.4826，耗时：145.1743s
2026-07-18 23:49:53,785 - INFO: 轮次：12，训练平均损失:0.4752，耗时：181.6014s
2026-07-18 23:50:30,424 - INFO: 轮次：12，训练平均损失:0.5100，耗时：218.2404s
2026-07-18 23:51:06,849 - INFO: 轮次：12，训练平均损失:0.4967，耗时：254.6650s
2026-07-18 23:51:42,953 - INFO: 轮次：12，训练平均损失:0.4703，耗时：290.7694s
2026-07-18 23:52:19,402 - INFO: 轮次：12，训练平均损失:0.4770，耗时：327.2180s
2026-07-18 23:52:55,636 - INFO: 轮次：12，训练平均损失:0.4949，耗时：363.4522s
2026-07-18 23:53:32,267 - INFO: 轮次：12，训练平均损失:0.4630，耗时：400.0819s
2026-07-18 23:54:08,864 - INFO: 轮次：12，训练平均损失:0.4925，耗时：436.6796s
2026-07-18 23:54:44,858 - INFO: 轮次：12，训练平均损失:0.4867，耗时：472.6741s
2026-07-18 23:55:21,261 - INFO: 轮次：12，训练平均损失:0.5079，耗时：509.0771s
2026-07-18 23:55:57,339 - INFO: 轮次：12，训练平均损失:0.4993，耗时：545.1554s
2026-07-18 23:56:33,773 - INFO: 轮次：12，训练平均损失:0.4737，耗时：581.5886s
2026-07-18 23:57:10,873 - INFO: 轮次：12，训练平均损失:0.5041，耗时：618.6894s
2026-07-18 23:57:46,860 - INFO: 轮次：12，训练平均损失:0.5597，耗时：654.6755s
2026-07-18 23:58:23,391 - INFO: 轮次：12，训练平均损失:0.5098，耗时：691.2067s
2026-07-18 23:59:00,096 - INFO: 轮次：12，训练平均损失:0.5090，耗时：727.9116s
2026-07-18 23:59:36,669 - INFO: 轮次：12，训练平均损失:0.4803，耗时：764.4854s
2026-07-19 00:00:12,830 - INFO: 轮次：12，训练平均损失:0.4845，耗时：800.6460s
2026-07-19 00:00:49,092 - INFO: 轮次：12，训练平均损失:0.5224，耗时：836.9082s
2026-07-19 00:01:25,802 - INFO: 轮次：12，训练平均损失:0.4793，耗时：873.6178s
2026-07-19 00:02:02,363 - INFO: 轮次：12，训练平均损失:0.5381，耗时：910.1787s
2026-07-19 00:02:38,678 - INFO: 轮次：12，训练平均损失:0.4681，耗时：946.4942s
2026-07-19 00:03:15,269 - INFO: 轮次：12，训练平均损失:0.5071，耗时：983.0848s
2026-07-19 00:03:51,762 - INFO: 轮次：12，训练平均损失:0.4874，耗时：1019.5780s
2026-07-19 00:04:28,156 - INFO: 轮次：12，训练平均损失:0.4927，耗时：1055.9718s
2026-07-19 00:05:04,760 - INFO: 轮次：12，训练平均损失:0.5024，耗时：1092.5763s
2026-07-19 00:05:41,562 - INFO: 轮次：12，训练平均损失:0.5271，耗时：1129.3775s
2026-07-19 00:06:18,296 - INFO: 轮次：12，训练平均损失:0.5105，耗时：1166.1125s
2026-07-19 00:06:54,637 - INFO: 轮次：12，训练平均损失:0.5210，耗时：1202.4526s
2026-07-19 00:07:31,401 - INFO: 轮次：12，训练平均损失:0.4991，耗时：1239.2170s
2026-07-19 00:08:07,991 - INFO: 轮次：12，训练平均损失:0.4753，耗时：1275.8073s
2026-07-19 00:08:44,782 - INFO: 轮次：12，训练平均损失:0.4808，耗时：1312.5977s
2026-07-19 00:09:21,572 - INFO: 轮次：12，训练平均损失:0.5215，耗时：1349.3885s
2026-07-19 00:09:57,745 - INFO: 轮次：12，训练平均损失:0.5372，耗时：1385.5612s
2026-07-19 00:10:34,244 - INFO: 轮次：12，训练平均损失:0.5419，耗时：1422.0597s
2026-07-19 00:11:11,064 - INFO: 轮次：12，训练平均损失:0.4919，耗时：1458.8800s
2026-07-19 00:11:47,616 - INFO: 轮次：12，训练平均损失:0.4806，耗时：1495.4320s
2026-07-19 00:12:25,034 - INFO: 轮次：12，训练平均损失:0.5091，耗时：1532.8499s
2026-07-19 00:13:03,063 - INFO: 轮次：12，训练平均损失:0.5257，耗时：1570.8789s
2026-07-19 00:13:39,520 - INFO: 轮次：12，训练平均损失:0.4919，耗时：1607.3362s
2026-07-19 00:14:16,041 - INFO: 轮次：12，训练平均损失:0.5629，耗时：1643.8571s
2026-07-19 00:14:52,634 - INFO: 轮次：12，训练平均损失:0.5026，耗时：1680.4500s
2026-07-19 00:15:29,380 - INFO: 轮次：12，训练平均损失:0.5218，耗时：1717.1949s
2026-07-19 00:16:05,678 - INFO: 轮次：12，训练平均损失:0.5178，耗时：1753.4936s
2026-07-19 00:16:42,066 - INFO: 轮次：12，训练平均损失:0.5437，耗时：1789.8817s
2026-07-19 00:17:18,942 - INFO: 轮次：12，训练平均损失:0.5131，耗时：1826.7577s
2026-07-19 00:17:50,465 - INFO: 模型已保存：../model/encoder_epoch12.pth，../model/decoder_epoch12.pth
2026-07-19 00:17:50,465 - INFO: 轮次：12，开始在验证集上评估...
2026-07-19 00:17:53,930 - INFO: 轮次：12，验证平均损失:0.6305，耗时：3.4650s
2026-07-19 00:17:57,379 - INFO: 轮次：12，验证平均损失:0.5953，耗时：6.9138s
2026-07-19 00:18:00,926 - INFO: 轮次：12，验证平均损失:0.6396，耗时：10.4605s
2026-07-19 00:18:05,516 - INFO: 轮次：12，验证平均损失:0.6106，耗时：15.0503s
2026-07-19 00:18:09,190 - INFO: 轮次：12，验证平均损失:0.6484，耗时：18.7250s
2026-07-19 00:18:12,624 - INFO: 轮次：12，验证平均损失:0.6024，耗时：22.1587s
2026-07-19 00:18:16,261 - INFO: 轮次：12，验证平均损失:0.5662，耗时：25.7955s
2026-07-19 00:18:20,434 - INFO: 轮次：12，验证平均损失:0.6440，耗时：29.9683s
2026-07-19 00:18:24,186 - INFO: 轮次：12，验证平均损失:0.6012，耗时：33.7204s
2026-07-19 00:18:28,107 - INFO: 轮次：12，验证平均损失:0.6215，耗时：37.6419s
2026-07-19 00:18:32,298 - INFO: 轮次：12，验证平均损失:0.6668，耗时：41.8330s
2026-07-19 00:18:36,230 - INFO: 轮次：12，验证平均损失:0.6235，耗时：45.7642s
2026-07-19 00:18:39,046 - INFO: ----- 第 12/20 轮结束 -----
2026-07-19 00:18:39,046 - INFO: ----- 第 13/20 轮开始 -----
2026-07-19 00:19:15,722 - INFO: 轮次：13，训练平均损失:0.4440，耗时：36.6741s
2026-07-19 00:19:51,937 - INFO: 轮次：13，训练平均损失:0.4514，耗时：72.8903s
2026-07-19 00:20:28,135 - INFO: 轮次：13，训练平均损失:0.4552，耗时：109.0886s
2026-07-19 00:21:04,392 - INFO: 轮次：13，训练平均损失:0.4794，耗时：145.3450s
2026-07-19 00:21:40,834 - INFO: 轮次：13，训练平均损失:0.4153，耗时：181.7869s
2026-07-19 00:22:17,282 - INFO: 轮次：13，训练平均损失:0.4735，耗时：218.2347s
2026-07-19 00:22:53,920 - INFO: 轮次：13，训练平均损失:0.4666，耗时：254.8731s
2026-07-19 00:23:30,159 - INFO: 轮次：13，训练平均损失:0.5168，耗时：291.1123s
2026-07-19 00:24:06,526 - INFO: 轮次：13，训练平均损失:0.4534，耗时：327.4788s
2026-07-19 00:24:43,286 - INFO: 轮次：13，训练平均损失:0.4490，耗时：364.2394s
2026-07-19 00:25:19,892 - INFO: 轮次：13，训练平均损失:0.4693，耗时：400.8450s
2026-07-19 00:25:56,557 - INFO: 轮次：13，训练平均损失:0.4683，耗时：437.5105s
2026-07-19 00:26:32,655 - INFO: 轮次：13，训练平均损失:0.4689，耗时：473.6081s
2026-07-19 00:27:09,102 - INFO: 轮次：13，训练平均损失:0.4908，耗时：510.0548s
2026-07-19 00:27:45,569 - INFO: 轮次：13，训练平均损失:0.4737，耗时：546.5218s
2026-07-19 00:28:21,918 - INFO: 轮次：13，训练平均损失:0.4680，耗时：582.8711s
2026-07-19 00:28:58,477 - INFO: 轮次：13，训练平均损失:0.4732，耗时：619.4306s
2026-07-19 00:29:35,008 - INFO: 轮次：13，训练平均损失:0.5262，耗时：655.9616s
2026-07-19 00:30:11,240 - INFO: 轮次：13，训练平均损失:0.4873，耗时：692.1928s
2026-07-19 00:30:47,492 - INFO: 轮次：13，训练平均损失:0.5058，耗时：728.4448s
2026-07-19 00:31:23,866 - INFO: 轮次：13，训练平均损失:0.5087，耗时：764.8182s
2026-07-19 00:32:00,245 - INFO: 轮次：13，训练平均损失:0.4597，耗时：801.1971s
2026-07-19 00:32:36,039 - INFO: 轮次：13，训练平均损失:0.4685，耗时：836.9923s
2026-07-19 00:33:12,573 - INFO: 轮次：13，训练平均损失:0.4850，耗时：873.5266s
2026-07-19 00:33:48,857 - INFO: 轮次：13，训练平均损失:0.4782，耗时：909.8097s
2026-07-19 00:34:25,334 - INFO: 轮次：13，训练平均损失:0.4746，耗时：946.2871s
2026-07-19 00:35:01,846 - INFO: 轮次：13，训练平均损失:0.4750，耗时：982.7989s
2026-07-19 00:35:38,844 - INFO: 轮次：13，训练平均损失:0.4794，耗时：1019.7971s
2026-07-19 00:36:15,410 - INFO: 轮次：13，训练平均损失:0.4906，耗时：1056.3623s
2026-07-19 00:36:52,118 - INFO: 轮次：13，训练平均损失:0.4951，耗时：1093.0710s
2026-07-19 00:37:28,728 - INFO: 轮次：13，训练平均损失:0.5119，耗时：1129.6812s
2026-07-19 00:38:05,504 - INFO: 轮次：13，训练平均损失:0.4494，耗时：1166.4571s
2026-07-19 00:38:42,206 - INFO: 轮次：13，训练平均损失:0.5135，耗时：1203.1592s
2026-07-19 00:39:18,897 - INFO: 轮次：13，训练平均损失:0.4594，耗时：1239.8498s
2026-07-19 00:39:55,052 - INFO: 轮次：13，训练平均损失:0.4666，耗时：1276.0053s
2026-07-19 00:40:31,482 - INFO: 轮次：13，训练平均损失:0.5092，耗时：1312.4354s
2026-07-19 00:41:08,194 - INFO: 轮次：13，训练平均损失:0.4766，耗时：1349.1472s
2026-07-19 00:41:45,564 - INFO: 轮次：13，训练平均损失:0.4684，耗时：1386.5174s
2026-07-19 00:42:22,763 - INFO: 轮次：13，训练平均损失:0.5375，耗时：1423.7163s
2026-07-19 00:42:59,535 - INFO: 轮次：13，训练平均损失:0.5007，耗时：1460.4877s
2026-07-19 00:43:36,223 - INFO: 轮次：13，训练平均损失:0.5103，耗时：1497.1756s
2026-07-19 00:44:12,725 - INFO: 轮次：13，训练平均损失:0.5008，耗时：1533.6777s
2026-07-19 00:44:48,898 - INFO: 轮次：13，训练平均损失:0.5135，耗时：1569.8515s
2026-07-19 00:45:25,418 - INFO: 轮次：13，训练平均损失:0.5051，耗时：1606.3707s
2026-07-19 00:46:02,281 - INFO: 轮次：13，训练平均损失:0.4982，耗时：1643.2345s
2026-07-19 00:46:38,539 - INFO: 轮次：13，训练平均损失:0.4905，耗时：1679.4918s
2026-07-19 00:47:15,038 - INFO: 轮次：13，训练平均损失:0.4985，耗时：1715.9910s
2026-07-19 00:47:51,977 - INFO: 轮次：13，训练平均损失:0.4957，耗时：1752.9302s
2026-07-19 00:48:28,273 - INFO: 轮次：13，训练平均损失:0.4828，耗时：1789.2266s
2026-07-19 00:49:04,146 - INFO: 轮次：13，训练平均损失:0.5333，耗时：1825.0989s
2026-07-19 00:49:35,980 - INFO: 模型已保存：../model/encoder_epoch13.pth，../model/decoder_epoch13.pth
2026-07-19 00:49:35,980 - INFO: 轮次：13，开始在验证集上评估...
2026-07-19 00:49:39,844 - INFO: 轮次：13，验证平均损失:0.6211，耗时：3.8640s
2026-07-19 00:49:43,314 - INFO: 轮次：13，验证平均损失:0.5792，耗时：7.3348s
2026-07-19 00:49:46,989 - INFO: 轮次：13，验证平均损失:0.5945，耗时：11.0095s
2026-07-19 00:49:51,888 - INFO: 轮次：13，验证平均损失:0.5920，耗时：15.9083s
2026-07-19 00:49:55,283 - INFO: 轮次：13，验证平均损失:0.6265，耗时：19.3035s
2026-07-19 00:49:59,244 - INFO: 轮次：13，验证平均损失:0.5922，耗时：23.2640s
2026-07-19 00:50:02,981 - INFO: 轮次：13，验证平均损失:0.5649，耗时：27.0012s
2026-07-19 00:50:06,553 - INFO: 轮次：13，验证平均损失:0.6133，耗时：30.5732s
2026-07-19 00:50:10,217 - INFO: 轮次：13，验证平均损失:0.5821，耗时：34.2377s
2026-07-19 00:50:13,778 - INFO: 轮次：13，验证平均损失:0.6033，耗时：37.7985s
2026-07-19 00:50:17,413 - INFO: 轮次：13，验证平均损失:0.6375，耗时：41.4329s
2026-07-19 00:50:21,217 - INFO: 轮次：13，验证平均损失:0.5947，耗时：45.2378s
2026-07-19 00:50:23,843 - INFO: ----- 第 13/20 轮结束 -----
2026-07-19 00:50:23,843 - INFO: ----- 第 14/20 轮开始 -----
2026-07-19 00:51:00,302 - INFO: 轮次：14，训练平均损失:0.4188，耗时：36.4582s
2026-07-19 00:51:36,638 - INFO: 轮次：14，训练平均损失:0.4313，耗时：72.7944s
2026-07-19 00:52:13,149 - INFO: 轮次：14，训练平均损失:0.4500，耗时：109.3058s
2026-07-19 00:52:49,724 - INFO: 轮次：14，训练平均损失:0.4378，耗时：145.8807s
2026-07-19 00:53:26,338 - INFO: 轮次：14，训练平均损失:0.4597，耗时：182.4949s
2026-07-19 00:54:03,092 - INFO: 轮次：14，训练平均损失:0.4562，耗时：219.2482s
2026-07-19 00:54:39,141 - INFO: 轮次：14，训练平均损失:0.4386，耗时：255.2978s
2026-07-19 00:55:15,913 - INFO: 轮次：14，训练平均损失:0.4600，耗时：292.0694s
2026-07-19 00:55:52,674 - INFO: 轮次：14，训练平均损失:0.4362，耗时：328.8292s
2026-07-19 00:56:29,463 - INFO: 轮次：14，训练平均损失:0.4510，耗时：365.6197s
2026-07-19 00:57:05,942 - INFO: 轮次：14，训练平均损失:0.4695，耗时：402.0986s
2026-07-19 00:57:42,784 - INFO: 轮次：14，训练平均损失:0.4309，耗时：438.9401s
2026-07-19 00:58:19,398 - INFO: 轮次：14，训练平均损失:0.4678，耗时：475.5533s
2026-07-19 00:58:56,401 - INFO: 轮次：14，训练平均损失:0.4664，耗时：512.5574s
2026-07-19 00:59:32,663 - INFO: 轮次：14，训练平均损失:0.4487，耗时：548.8191s
2026-07-19 01:00:09,321 - INFO: 轮次：14，训练平均损失:0.4477，耗时：585.4772s
2026-07-19 01:00:45,804 - INFO: 轮次：14，训练平均损失:0.4427，耗时：621.9609s
2026-07-19 01:01:22,463 - INFO: 轮次：14，训练平均损失:0.4682，耗时：658.6194s
2026-07-19 01:01:59,207 - INFO: 轮次：14，训练平均损失:0.4717，耗时：695.3631s
2026-07-19 01:02:35,982 - INFO: 轮次：14，训练平均损失:0.4391，耗时：732.1387s
2026-07-19 01:03:12,340 - INFO: 轮次：14，训练平均损失:0.4777，耗时：768.4954s
2026-07-19 01:03:48,926 - INFO: 轮次：14，训练平均损失:0.4842，耗时：805.0825s
2026-07-19 01:04:25,761 - INFO: 轮次：14，训练平均损失:0.4730，耗时：841.9168s
2026-07-19 01:05:02,329 - INFO: 轮次：14，训练平均损失:0.4779，耗时：878.4857s
2026-07-19 01:05:39,311 - INFO: 轮次：14，训练平均损失:0.4655，耗时：915.4674s
2026-07-19 01:06:16,243 - INFO: 轮次：14，训练平均损失:0.4576，耗时：952.3997s
2026-07-19 01:06:52,595 - INFO: 轮次：14，训练平均损失:0.4950，耗时：988.7513s
2026-07-19 01:07:29,819 - INFO: 轮次：14，训练平均损失:0.4830，耗时：1025.9751s
2026-07-19 01:08:07,348 - INFO: 轮次：14，训练平均损失:0.4521，耗时：1063.5042s
2026-07-19 01:08:43,726 - INFO: 轮次：14，训练平均损失:0.4761，耗时：1099.8828s
2026-07-19 01:09:20,209 - INFO: 轮次：14，训练平均损失:0.4676，耗时：1136.3656s
2026-07-19 01:09:56,921 - INFO: 轮次：14，训练平均损失:0.4622，耗时：1173.0777s
2026-07-19 01:10:33,569 - INFO: 轮次：14，训练平均损失:0.4288，耗时：1209.7255s
2026-07-19 01:11:10,499 - INFO: 轮次：14，训练平均损失:0.4562，耗时：1246.6544s
2026-07-19 01:11:47,201 - INFO: 轮次：14，训练平均损失:0.4591，耗时：1283.3576s
2026-07-19 01:12:23,961 - INFO: 轮次：14，训练平均损失:0.4830，耗时：1320.1171s
2026-07-19 01:13:03,318 - INFO: 轮次：14，训练平均损失:0.4568，耗时：1359.4732s
2026-07-19 01:13:40,382 - INFO: 轮次：14，训练平均损失:0.4459，耗时：1396.5385s
2026-07-19 01:14:17,673 - INFO: 轮次：14，训练平均损失:0.4508，耗时：1433.8291s
2026-07-19 01:14:54,094 - INFO: 轮次：14，训练平均损失:0.5233，耗时：1470.2502s
2026-07-19 01:15:30,739 - INFO: 轮次：14，训练平均损失:0.4619，耗时：1506.8955s
2026-07-19 01:16:07,299 - INFO: 轮次：14，训练平均损失:0.4701，耗时：1543.4558s
2026-07-19 01:16:43,397 - INFO: 轮次：14，训练平均损失:0.4891，耗时：1579.5531s
2026-07-19 01:17:20,195 - INFO: 轮次：14，训练平均损失:0.4548，耗时：1616.3512s
2026-07-19 01:17:57,224 - INFO: 轮次：14，训练平均损失:0.4854，耗时：1653.3810s
2026-07-19 01:18:34,014 - INFO: 轮次：14，训练平均损失:0.5098，耗时：1690.1701s
2026-07-19 01:19:10,701 - INFO: 轮次：14，训练平均损失:0.4757，耗时：1726.8568s
2026-07-19 01:19:47,171 - INFO: 轮次：14，训练平均损失:0.4636，耗时：1763.3279s
2026-07-19 01:20:23,791 - INFO: 轮次：14，训练平均损失:0.4993，耗时：1799.9475s
2026-07-19 01:21:00,196 - INFO: 轮次：14，训练平均损失:0.5026，耗时：1836.3527s
2026-07-19 01:21:32,572 - INFO: 模型已保存：../model/encoder_epoch14.pth，../model/decoder_epoch14.pth
2026-07-19 01:21:32,572 - INFO: 轮次：14，开始在验证集上评估...
2026-07-19 01:21:37,018 - INFO: 轮次：14，验证平均损失:0.6004，耗时：4.4458s
2026-07-19 01:21:40,564 - INFO: 轮次：14，验证平均损失:0.5655，耗时：7.9920s
2026-07-19 01:21:44,032 - INFO: 轮次：14，验证平均损失:0.5707，耗时：11.4598s
2026-07-19 01:21:47,695 - INFO: 轮次：14，验证平均损失:0.5643，耗时：15.1228s
2026-07-19 01:21:51,472 - INFO: 轮次：14，验证平均损失:0.6159，耗时：18.8998s
2026-07-19 01:21:55,253 - INFO: 轮次：14，验证平均损失:0.5669，耗时：22.6811s
2026-07-19 01:21:58,931 - INFO: 轮次：14，验证平均损失:0.5547，耗时：26.3588s
2026-07-19 01:22:02,494 - INFO: 轮次：14，验证平均损失:0.5865，耗时：29.9208s
2026-07-19 01:22:06,662 - INFO: 轮次：14，验证平均损失:0.5728，耗时：34.0895s
2026-07-19 01:22:10,432 - INFO: 轮次：14，验证平均损失:0.5994，耗时：37.8600s
2026-07-19 01:22:14,536 - INFO: 轮次：14，验证平均损失:0.6197，耗时：41.9640s
2026-07-19 01:22:18,570 - INFO: 轮次：14，验证平均损失:0.5747，耗时：45.9980s
2026-07-19 01:22:21,721 - INFO: ----- 第 14/20 轮结束 -----
2026-07-19 01:22:21,721 - INFO: ----- 第 15/20 轮开始 -----
2026-07-19 01:22:58,286 - INFO: 轮次：15，训练平均损失:0.4037，耗时：36.5645s
2026-07-19 01:23:34,759 - INFO: 轮次：15，训练平均损失:0.3901，耗时：73.0377s
2026-07-19 01:24:11,222 - INFO: 轮次：15，训练平均损失:0.4303，耗时：109.5008s
2026-07-19 01:24:47,938 - INFO: 轮次：15，训练平均损失:0.4131，耗时：146.2163s
2026-07-19 01:25:24,358 - INFO: 轮次：15，训练平均损失:0.4542，耗时：182.6361s
2026-07-19 01:26:01,024 - INFO: 轮次：15，训练平均损失:0.4743，耗时：219.3025s
2026-07-19 01:26:37,658 - INFO: 轮次：15，训练平均损失:0.4472，耗时：255.9366s
2026-07-19 01:27:14,365 - INFO: 轮次：15，训练平均损失:0.4310，耗时：292.6431s
2026-07-19 01:27:50,944 - INFO: 轮次：15，训练平均损失:0.4342，耗时：329.2230s
2026-07-19 01:28:27,353 - INFO: 轮次：15，训练平均损失:0.4406，耗时：365.6315s
2026-07-19 01:29:03,815 - INFO: 轮次：15，训练平均损失:0.4368，耗时：402.0933s
2026-07-19 01:29:40,410 - INFO: 轮次：15，训练平均损失:0.4569，耗时：438.6879s
2026-07-19 01:30:17,525 - INFO: 轮次：15，训练平均损失:0.4188，耗时：475.8035s
2026-07-19 01:30:54,099 - INFO: 轮次：15，训练平均损失:0.4587，耗时：512.3773s
2026-07-19 01:31:30,871 - INFO: 轮次：15，训练平均损失:0.4338，耗时：549.1498s
2026-07-19 01:32:07,341 - INFO: 轮次：15，训练平均损失:0.4481，耗时：585.6194s
2026-07-19 01:32:44,112 - INFO: 轮次：15，训练平均损失:0.4594，耗时：622.3904s
2026-07-19 01:33:20,798 - INFO: 轮次：15，训练平均损失:0.4710，耗时：659.0756s
2026-07-19 01:33:57,831 - INFO: 轮次：15，训练平均损失:0.4493，耗时：696.1095s
2026-07-19 01:34:35,058 - INFO: 轮次：15，训练平均损失:0.4570，耗时：733.3370s
2026-07-19 01:35:11,340 - INFO: 轮次：15，训练平均损失:0.4403，耗时：769.6181s
2026-07-19 01:35:47,885 - INFO: 轮次：15，训练平均损失:0.4774，耗时：806.1623s
2026-07-19 01:36:24,501 - INFO: 轮次：15，训练平均损失:0.4167，耗时：842.7794s
2026-07-19 01:37:01,411 - INFO: 轮次：15，训练平均损失:0.4406，耗时：879.6893s
2026-07-19 01:37:38,370 - INFO: 轮次：15，训练平均损失:0.4422，耗时：916.6481s
2026-07-19 01:38:15,017 - INFO: 轮次：15，训练平均损失:0.4434，耗时：953.2952s
2026-07-19 01:38:51,602 - INFO: 轮次：15，训练平均损失:0.4243，耗时：989.8804s
2026-07-19 01:39:28,049 - INFO: 轮次：15，训练平均损失:0.4419，耗时：1026.3280s
2026-07-19 01:40:04,791 - INFO: 轮次：15，训练平均损失:0.4564，耗时：1063.0699s
2026-07-19 01:40:41,501 - INFO: 轮次：15，训练平均损失:0.4306，耗时：1099.7798s
2026-07-19 01:41:18,325 - INFO: 轮次：15，训练平均损失:0.4669，耗时：1136.6023s
2026-07-19 01:41:55,052 - INFO: 轮次：15，训练平均损失:0.4559，耗时：1173.3309s
2026-07-19 01:42:32,141 - INFO: 轮次：15，训练平均损失:0.4668，耗时：1210.4196s
2026-07-19 01:43:08,973 - INFO: 轮次：15，训练平均损失:0.4379，耗时：1247.2513s
2026-07-19 01:43:45,337 - INFO: 轮次：15，训练平均损失:0.4586，耗时：1283.6153s
2026-07-19 01:44:21,947 - INFO: 轮次：15，训练平均损失:0.4702，耗时：1320.2260s
2026-07-19 01:44:58,504 - INFO: 轮次：15，训练平均损失:0.4512，耗时：1356.7824s
2026-07-19 01:45:35,145 - INFO: 轮次：15，训练平均损失:0.4809，耗时：1393.4232s
2026-07-19 01:46:12,271 - INFO: 轮次：15，训练平均损失:0.4819，耗时：1430.5491s
2026-07-19 01:46:48,950 - INFO: 轮次：15，训练平均损失:0.4371，耗时：1467.2285s
2026-07-19 01:47:25,786 - INFO: 轮次：15，训练平均损失:0.4711，耗时：1504.0639s
2026-07-19 01:48:02,401 - INFO: 轮次：15，训练平均损失:0.4456，耗时：1540.6799s
2026-07-19 01:48:38,954 - INFO: 轮次：15，训练平均损失:0.4834，耗时：1577.2326s
2026-07-19 01:49:15,410 - INFO: 轮次：15，训练平均损失:0.4781，耗时：1613.6889s
2026-07-19 01:49:51,675 - INFO: 轮次：15，训练平均损失:0.4548，耗时：1649.9535s
2026-07-19 01:50:28,123 - INFO: 轮次：15，训练平均损失:0.4467，耗时：1686.4018s
2026-07-19 01:51:04,649 - INFO: 轮次：15，训练平均损失:0.4544，耗时：1722.9273s
2026-07-19 01:51:41,576 - INFO: 轮次：15，训练平均损失:0.4608，耗时：1759.8544s
2026-07-19 01:52:18,014 - INFO: 轮次：15，训练平均损失:0.5061，耗时：1796.2912s
2026-07-19 01:52:54,867 - INFO: 轮次：15，训练平均损失:0.4847，耗时：1833.1458s
2026-07-19 01:53:26,792 - INFO: 模型已保存：../model/encoder_epoch15.pth，../model/decoder_epoch15.pth
2026-07-19 01:53:26,792 - INFO: 轮次：15，开始在验证集上评估...
2026-07-19 01:53:30,693 - INFO: 轮次：15，验证平均损失:0.5964，耗时：3.9015s
2026-07-19 01:53:34,738 - INFO: 轮次：15，验证平均损失:0.5299，耗时：7.9459s
2026-07-19 01:53:39,218 - INFO: 轮次：15，验证平均损失:0.5655，耗时：12.4265s
2026-07-19 01:53:42,997 - INFO: 轮次：15，验证平均损失:0.5417，耗时：16.2054s
2026-07-19 01:53:46,326 - INFO: 轮次：15，验证平均损失:0.5938，耗时：19.5340s
2026-07-19 01:53:49,975 - INFO: 轮次：15，验证平均损失:0.5483，耗时：23.1828s
2026-07-19 01:53:53,734 - INFO: 轮次：15，验证平均损失:0.5439，耗时：26.9418s
2026-07-19 01:53:57,432 - INFO: 轮次：15，验证平均损失:0.5818，耗时：30.6406s
2026-07-19 01:54:01,087 - INFO: 轮次：15，验证平均损失:0.5482，耗时：34.2958s
2026-07-19 01:54:04,966 - INFO: 轮次：15，验证平均损失:0.5637，耗时：38.1745s
2026-07-19 01:54:08,546 - INFO: 轮次：15，验证平均损失:0.5898，耗时：41.7546s
2026-07-19 01:54:12,553 - INFO: 轮次：15，验证平均损失:0.5613，耗时：45.7608s
2026-07-19 01:54:15,230 - INFO: ----- 第 15/20 轮结束 -----
2026-07-19 01:54:15,231 - INFO: ----- 第 16/20 轮开始 -----
2026-07-19 01:54:51,674 - INFO: 轮次：16，训练平均损失:0.3954，耗时：36.4435s
2026-07-19 01:55:28,693 - INFO: 轮次：16，训练平均损失:0.3777，耗时：73.4622s
2026-07-19 01:56:05,210 - INFO: 轮次：16，训练平均损失:0.4161，耗时：109.9795s
2026-07-19 01:56:41,584 - INFO: 轮次：16，训练平均损失:0.4057，耗时：146.3536s
2026-07-19 01:57:18,366 - INFO: 轮次：16，训练平均损失:0.4229，耗时：183.1340s
2026-07-19 01:57:55,124 - INFO: 轮次：16，训练平均损失:0.3828，耗时：219.8929s
2026-07-19 01:58:31,684 - INFO: 轮次：16，训练平均损失:0.4479，耗时：256.4535s
2026-07-19 01:59:08,651 - INFO: 轮次：16，训练平均损失:0.4196，耗时：293.4204s
2026-07-19 01:59:45,469 - INFO: 轮次：16，训练平均损失:0.4288，耗时：330.2378s
2026-07-19 02:00:22,537 - INFO: 轮次：16，训练平均损失:0.4144，耗时：367.3050s
2026-07-19 02:00:58,958 - INFO: 轮次：16，训练平均损失:0.4142，耗时：403.7271s
2026-07-19 02:01:35,531 - INFO: 轮次：16，训练平均损失:0.3989，耗时：440.3004s
2026-07-19 02:02:12,172 - INFO: 轮次：16，训练平均损失:0.4243，耗时：476.9415s
2026-07-19 02:02:48,818 - INFO: 轮次：16，训练平均损失:0.3862，耗时：513.5871s
2026-07-19 02:03:25,592 - INFO: 轮次：16，训练平均损失:0.4653，耗时：550.3612s
2026-07-19 02:04:02,356 - INFO: 轮次：16，训练平均损失:0.4464，耗时：587.1253s
2026-07-19 02:04:38,648 - INFO: 轮次：16，训练平均损失:0.4282，耗时：623.4171s
2026-07-19 02:05:15,259 - INFO: 轮次：16，训练平均损失:0.4089，耗时：660.0285s
2026-07-19 02:05:52,090 - INFO: 轮次：16，训练平均损失:0.4199，耗时：696.8588s
2026-07-19 02:06:29,016 - INFO: 轮次：16，训练平均损失:0.4226，耗时：733.7837s
2026-07-19 02:07:05,545 - INFO: 轮次：16，训练平均损失:0.4259，耗时：770.3142s
2026-07-19 02:07:42,240 - INFO: 轮次：16，训练平均损失:0.4509，耗时：807.0092s
2026-07-19 02:08:19,076 - INFO: 轮次：16，训练平均损失:0.4510，耗时：843.8450s
2026-07-19 02:08:55,574 - INFO: 轮次：16，训练平均损失:0.4557，耗时：880.3435s
2026-07-19 02:09:32,253 - INFO: 轮次：16，训练平均损失:0.4639，耗时：917.0222s
2026-07-19 02:10:08,802 - INFO: 轮次：16，训练平均损失:0.4331，耗时：953.5711s
2026-07-19 02:10:45,311 - INFO: 轮次：16，训练平均损失:0.4568，耗时：990.0794s
2026-07-19 02:11:21,889 - INFO: 轮次：16，训练平均损失:0.4485，耗时：1026.6578s
2026-07-19 02:12:01,618 - INFO: 轮次：16，训练平均损失:0.4374，耗时：1066.3869s
2026-07-19 02:12:38,600 - INFO: 轮次：16，训练平均损失:0.4319，耗时：1103.3693s
2026-07-19 02:13:15,588 - INFO: 轮次：16，训练平均损失:0.4738，耗时：1140.3571s
2026-07-19 02:13:52,596 - INFO: 轮次：16，训练平均损失:0.4381，耗时：1177.3650s
2026-07-19 02:14:29,247 - INFO: 轮次：16，训练平均损失:0.4140，耗时：1214.0161s
2026-07-19 02:15:05,747 - INFO: 轮次：16，训练平均损失:0.4663，耗时：1250.5162s
2026-07-19 02:15:42,236 - INFO: 轮次：16，训练平均损失:0.4295，耗时：1287.0050s
2026-07-19 02:16:18,833 - INFO: 轮次：16，训练平均损失:0.4406，耗时：1323.6026s
2026-07-19 02:16:55,564 - INFO: 轮次：16，训练平均损失:0.4331，耗时：1360.3337s
2026-07-19 02:17:32,056 - INFO: 轮次：16，训练平均损失:0.4424，耗时：1396.8256s
2026-07-19 02:18:08,604 - INFO: 轮次：16，训练平均损失:0.4627，耗时：1433.3727s
2026-07-19 02:18:45,625 - INFO: 轮次：16，训练平均损失:0.4413，耗时：1470.3941s
2026-07-19 02:19:21,910 - INFO: 轮次：16，训练平均损失:0.4472，耗时：1506.6794s
2026-07-19 02:19:58,229 - INFO: 轮次：16，训练平均损失:0.4367，耗时：1542.9985s
2026-07-19 02:20:34,665 - INFO: 轮次：16，训练平均损失:0.4848，耗时：1579.4343s
2026-07-19 02:21:11,258 - INFO: 轮次：16，训练平均损失:0.4827，耗时：1616.0275s
2026-07-19 02:21:48,306 - INFO: 轮次：16，训练平均损失:0.4502，耗时：1653.0753s
2026-07-19 02:22:24,998 - INFO: 轮次：16，训练平均损失:0.4425，耗时：1689.7663s
2026-07-19 02:23:01,637 - INFO: 轮次：16，训练平均损失:0.4562，耗时：1726.4058s
2026-07-19 02:23:38,245 - INFO: 轮次：16，训练平均损失:0.4645，耗时：1763.0145s
2026-07-19 02:24:15,241 - INFO: 轮次：16，训练平均损失:0.4484，耗时：1800.0102s
2026-07-19 02:24:53,920 - INFO: 轮次：16，训练平均损失:0.4485，耗时：1838.6889s
2026-07-19 02:25:29,786 - INFO: 模型已保存：../model/encoder_epoch16.pth，../model/decoder_epoch16.pth
2026-07-19 02:25:29,786 - INFO: 轮次：16，开始在验证集上评估...
2026-07-19 02:25:33,490 - INFO: 轮次：16，验证平均损失:0.5752，耗时：3.7036s
2026-07-19 02:25:38,486 - INFO: 轮次：16，验证平均损失:0.5492，耗时：8.7006s
2026-07-19 02:25:42,248 - INFO: 轮次：16，验证平均损失:0.5447，耗时：12.4626s
2026-07-19 02:25:45,913 - INFO: 轮次：16，验证平均损失:0.5478，耗时：16.1277s
2026-07-19 02:25:49,712 - INFO: 轮次：16，验证平均损失:0.5577，耗时：19.9249s
2026-07-19 02:25:53,565 - INFO: 轮次：16，验证平均损失:0.5407，耗时：23.7788s
2026-07-19 02:25:57,210 - INFO: 轮次：16，验证平均损失:0.5215，耗时：27.4246s
2026-07-19 02:26:01,171 - INFO: 轮次：16，验证平均损失:0.5567，耗时：31.3849s
2026-07-19 02:26:05,105 - INFO: 轮次：16，验证平均损失:0.5401，耗时：35.3194s
2026-07-19 02:26:09,766 - INFO: 轮次：16，验证平均损失:0.5602，耗时：39.9806s
2026-07-19 02:26:13,469 - INFO: 轮次：16，验证平均损失:0.5862，耗时：43.6836s
2026-07-19 02:26:17,481 - INFO: 轮次：16，验证平均损失:0.5554，耗时：47.6955s
2026-07-19 02:26:20,370 - INFO: ----- 第 16/20 轮结束 -----
2026-07-19 02:26:20,370 - INFO: ----- 第 17/20 轮开始 -----
2026-07-19 02:26:57,978 - INFO: 轮次：17，训练平均损失:0.3733，耗时：37.6080s
2026-07-19 02:27:34,920 - INFO: 轮次：17，训练平均损失:0.4045，耗时：74.5500s
2026-07-19 02:28:12,113 - INFO: 轮次：17，训练平均损失:0.4074，耗时：111.7439s
2026-07-19 02:28:49,515 - INFO: 轮次：17，训练平均损失:0.3926，耗时：149.1449s
2026-07-19 02:29:26,170 - INFO: 轮次：17，训练平均损失:0.4193，耗时：185.8008s
2026-07-19 02:30:02,859 - INFO: 轮次：17，训练平均损失:0.3852，耗时：222.4886s
2026-07-19 02:30:39,687 - INFO: 轮次：17，训练平均损失:0.3881，耗时：259.3179s
2026-07-19 02:31:16,629 - INFO: 轮次：17，训练平均损失:0.4335，耗时：296.2592s
2026-07-19 02:31:53,919 - INFO: 轮次：17，训练平均损失:0.3875，耗时：333.5496s
2026-07-19 02:32:30,640 - INFO: 轮次：17，训练平均损失:0.4230，耗时：370.2704s
2026-07-19 02:33:07,612 - INFO: 轮次：17，训练平均损失:0.4212，耗时：407.2420s
2026-07-19 02:33:44,477 - INFO: 轮次：17，训练平均损失:0.4316，耗时：444.1072s
2026-07-19 02:34:21,375 - INFO: 轮次：17，训练平均损失:0.4067，耗时：481.0049s
2026-07-19 02:34:58,133 - INFO: 轮次：17，训练平均损失:0.4173，耗时：517.7636s
2026-07-19 02:35:35,536 - INFO: 轮次：17，训练平均损失:0.4014，耗时：555.1669s
2026-07-19 02:36:12,345 - INFO: 轮次：17，训练平均损失:0.4438，耗时：591.9740s
2026-07-19 02:36:48,893 - INFO: 轮次：17，训练平均损失:0.4289，耗时：628.5237s
2026-07-19 02:37:25,860 - INFO: 轮次：17，训练平均损失:0.4528，耗时：665.4902s
2026-07-19 02:38:03,112 - INFO: 轮次：17，训练平均损失:0.4410，耗时：702.7428s
2026-07-19 02:38:40,782 - INFO: 轮次：17，训练平均损失:0.4109，耗时：740.4121s
2026-07-19 02:39:17,628 - INFO: 轮次：17，训练平均损失:0.4400，耗时：777.2585s
2026-07-19 02:39:54,803 - INFO: 轮次：17，训练平均损失:0.4480，耗时：814.4331s
2026-07-19 02:40:31,411 - INFO: 轮次：17，训练平均损失:0.4488，耗时：851.0416s
2026-07-19 02:41:09,118 - INFO: 轮次：17，训练平均损失:0.4416，耗时：888.7482s
2026-07-19 02:41:45,918 - INFO: 轮次：17，训练平均损失:0.4398，耗时：925.5482s
2026-07-19 02:42:22,893 - INFO: 轮次：17，训练平均损失:0.4354，耗时：962.5236s
2026-07-19 02:43:00,354 - INFO: 轮次：17，训练平均损失:0.4240，耗时：999.9841s
2026-07-19 02:43:37,890 - INFO: 轮次：17，训练平均损失:0.4355，耗时：1037.5200s
2026-07-19 02:44:15,249 - INFO: 轮次：17，训练平均损失:0.4357，耗时：1074.8791s
2026-07-19 02:44:52,268 - INFO: 轮次：17，训练平均损失:0.4205，耗时：1111.8989s
2026-07-19 02:45:29,500 - INFO: 轮次：17，训练平均损失:0.4435，耗时：1149.1309s
2026-07-19 02:46:06,486 - INFO: 轮次：17，训练平均损失:0.4360，耗时：1186.1160s
2026-07-19 02:46:43,369 - INFO: 轮次：17，训练平均损失:0.4474，耗时：1222.9995s
2026-07-19 02:47:20,383 - INFO: 轮次：17，训练平均损失:0.4323，耗时：1260.0134s
2026-07-19 02:47:57,357 - INFO: 轮次：17，训练平均损失:0.4240，耗时：1296.9877s
2026-07-19 02:48:34,142 - INFO: 轮次：17，训练平均损失:0.4272，耗时：1333.7729s
2026-07-19 02:49:11,139 - INFO: 轮次：17，训练平均损失:0.4520，耗时：1370.7699s
2026-07-19 02:49:48,181 - INFO: 轮次：17，训练平均损失:0.4454，耗时：1407.8114s
2026-07-19 02:50:25,346 - INFO: 轮次：17，训练平均损失:0.4067，耗时：1444.9765s
2026-07-19 02:51:02,824 - INFO: 轮次：17，训练平均损失:0.4372，耗时：1482.4543s
2026-07-19 02:51:39,850 - INFO: 轮次：17，训练平均损失:0.4413，耗时：1519.4806s
2026-07-19 02:52:17,066 - INFO: 轮次：17，训练平均损失:0.4175，耗时：1556.6965s
2026-07-19 02:52:53,883 - INFO: 轮次：17，训练平均损失:0.4512，耗时：1593.5131s
2026-07-19 02:53:30,842 - INFO: 轮次：17，训练平均损失:0.4497，耗时：1630.4713s
2026-07-19 02:54:08,124 - INFO: 轮次：17，训练平均损失:0.4340，耗时：1667.7540s
2026-07-19 02:54:44,399 - INFO: 轮次：17，训练平均损失:0.4545，耗时：1704.0296s
2026-07-19 02:55:21,081 - INFO: 轮次：17，训练平均损失:0.4276，耗时：1740.7119s
2026-07-19 02:55:57,491 - INFO: 轮次：17，训练平均损失:0.4698，耗时：1777.1213s
2026-07-19 02:56:33,815 - INFO: 轮次：17，训练平均损失:0.4420，耗时：1813.4453s
2026-07-19 02:57:10,570 - INFO: 轮次：17，训练平均损失:0.4491，耗时：1850.2002s
2026-07-19 02:57:43,167 - INFO: 模型已保存：../model/encoder_epoch17.pth，../model/decoder_epoch17.pth
2026-07-19 02:57:43,167 - INFO: 轮次：17，开始在验证集上评估...
2026-07-19 02:57:47,098 - INFO: 轮次：17，验证平均损失:0.5789，耗时：3.9317s
2026-07-19 02:57:51,248 - INFO: 轮次：17，验证平均损失:0.5211，耗时：8.0809s
2026-07-19 02:57:56,146 - INFO: 轮次：17，验证平均损失:0.5544，耗时：12.9792s
2026-07-19 02:58:00,093 - INFO: 轮次：17，验证平均损失:0.5498，耗时：16.9259s
2026-07-19 02:58:04,127 - INFO: 轮次：17，验证平均损失:0.5524，耗时：20.9600s
2026-07-19 02:58:08,231 - INFO: 轮次：17，验证平均损失:0.5123，耗时：25.0644s
2026-07-19 02:58:12,312 - INFO: 轮次：17，验证平均损失:0.5188，耗时：29.1454s
2026-07-19 02:58:15,755 - INFO: 轮次：17，验证平均损失:0.5301，耗时：32.5880s
2026-07-19 02:58:19,432 - INFO: 轮次：17，验证平均损失:0.5123，耗时：36.2654s
2026-07-19 02:58:23,415 - INFO: 轮次：17，验证平均损失:0.5402，耗时：40.2473s
2026-07-19 02:58:27,531 - INFO: 轮次：17，验证平均损失:0.5679，耗时：44.3644s
2026-07-19 02:58:31,346 - INFO: 轮次：17，验证平均损失:0.5484，耗时：48.1792s
2026-07-19 02:58:34,189 - INFO: ----- 第 17/20 轮结束 -----
2026-07-19 02:58:34,189 - INFO: ----- 第 18/20 轮开始 -----
2026-07-19 02:59:11,498 - INFO: 轮次：18，训练平均损失:0.4031，耗时：37.3092s
2026-07-19 02:59:47,996 - INFO: 轮次：18，训练平均损失:0.3989，耗时：73.8069s
2026-07-19 03:00:24,606 - INFO: 轮次：18，训练平均损失:0.3846，耗时：110.4175s
2026-07-19 03:01:01,537 - INFO: 轮次：18，训练平均损失:0.3994，耗时：147.3484s
2026-07-19 03:01:37,917 - INFO: 轮次：18，训练平均损失:0.4084，耗时：183.7282s
2026-07-19 03:02:14,526 - INFO: 轮次：18，训练平均损失:0.3888，耗时：220.3374s
2026-07-19 03:02:50,970 - INFO: 轮次：18，训练平均损失:0.4198，耗时：256.7812s
2026-07-19 03:03:28,124 - INFO: 轮次：18，训练平均损失:0.3956，耗时：293.9350s
2026-07-19 03:04:05,126 - INFO: 轮次：18，训练平均损失:0.4309，耗时：330.9378s
2026-07-19 03:04:41,775 - INFO: 轮次：18，训练平均损失:0.4216，耗时：367.5863s
2026-07-19 03:05:18,374 - INFO: 轮次：18，训练平均损失:0.4078，耗时：404.1858s
2026-07-19 03:05:55,514 - INFO: 轮次：18，训练平均损失:0.3722，耗时：441.3255s
2026-07-19 03:06:32,366 - INFO: 轮次：18，训练平均损失:0.4174，耗时：478.1777s
2026-07-19 03:07:09,166 - INFO: 轮次：18，训练平均损失:0.4050，耗时：514.9771s
2026-07-19 03:07:46,686 - INFO: 轮次：18，训练平均损失:0.4109，耗时：552.4970s
2026-07-19 03:08:23,595 - INFO: 轮次：18，训练平均损失:0.4209，耗时：589.4061s
2026-07-19 03:09:00,759 - INFO: 轮次：18，训练平均损失:0.4202，耗时：626.5700s
2026-07-19 03:09:37,506 - INFO: 轮次：18，训练平均损失:0.4116，耗时：663.3171s
2026-07-19 03:10:14,386 - INFO: 轮次：18，训练平均损失:0.4039，耗时：700.1971s
2026-07-19 03:10:51,536 - INFO: 轮次：18，训练平均损失:0.4194，耗时：737.3469s
2026-07-19 03:11:29,209 - INFO: 轮次：18，训练平均损失:0.4453，耗时：775.0204s
2026-07-19 03:12:06,382 - INFO: 轮次：18，训练平均损失:0.4312，耗时：812.1938s
2026-07-19 03:12:45,422 - INFO: 轮次：18，训练平均损失:0.3832，耗时：851.2337s
2026-07-19 03:13:23,221 - INFO: 轮次：18，训练平均损失:0.4026，耗时：889.0327s
2026-07-19 03:14:00,098 - INFO: 轮次：18，训练平均损失:0.4127，耗时：925.9090s
2026-07-19 03:14:36,963 - INFO: 轮次：18，训练平均损失:0.3883，耗时：962.7745s
2026-07-19 03:15:13,990 - INFO: 轮次：18，训练平均损失:0.4154，耗时：999.8016s
2026-07-19 03:15:50,547 - INFO: 轮次：18，训练平均损失:0.4278，耗时：1036.3587s
2026-07-19 03:16:27,282 - INFO: 轮次：18，训练平均损失:0.4417，耗时：1073.0935s
2026-07-19 03:17:03,747 - INFO: 轮次：18，训练平均损失:0.4459，耗时：1109.5584s
2026-07-19 03:17:40,808 - INFO: 轮次：18，训练平均损失:0.4279，耗时：1146.6199s
2026-07-19 03:18:17,453 - INFO: 轮次：18，训练平均损失:0.4271，耗时：1183.2633s
2026-07-19 03:18:54,557 - INFO: 轮次：18，训练平均损失:0.4648，耗时：1220.3687s
2026-07-19 03:19:31,804 - INFO: 轮次：18，训练平均损失:0.4300，耗时：1257.6157s
2026-07-19 03:20:08,325 - INFO: 轮次：18，训练平均损失:0.4040，耗时：1294.1360s
2026-07-19 03:20:45,370 - INFO: 轮次：18，训练平均损失:0.4344，耗时：1331.1811s
2026-07-19 03:21:22,761 - INFO: 轮次：18，训练平均损失:0.4533，耗时：1368.5728s
2026-07-19 03:21:59,811 - INFO: 轮次：18，训练平均损失:0.3927，耗时：1405.6225s
2026-07-19 03:22:36,693 - INFO: 轮次：18，训练平均损失:0.4211，耗时：1442.5040s
2026-07-19 03:23:14,274 - INFO: 轮次：18，训练平均损失:0.4323，耗时：1480.0858s
2026-07-19 03:23:51,918 - INFO: 轮次：18，训练平均损失:0.4414，耗时：1517.7293s
2026-07-19 03:24:28,958 - INFO: 轮次：18，训练平均损失:0.4518，耗时：1554.7691s
2026-07-19 03:25:06,215 - INFO: 轮次：18，训练平均损失:0.4392，耗时：1592.0264s
2026-07-19 03:25:43,537 - INFO: 轮次：18，训练平均损失:0.4239，耗时：1629.3489s
2026-07-19 03:26:21,025 - INFO: 轮次：18，训练平均损失:0.4144，耗时：1666.8359s
2026-07-19 03:26:58,506 - INFO: 轮次：18，训练平均损失:0.4336，耗时：1704.3178s
2026-07-19 03:27:35,738 - INFO: 轮次：18，训练平均损失:0.4296，耗时：1741.5491s
2026-07-19 03:28:12,659 - INFO: 轮次：18，训练平均损失:0.4384，耗时：1778.4702s
2026-07-19 03:28:50,028 - INFO: 轮次：18，训练平均损失:0.4307，耗时：1815.8390s
2026-07-19 03:29:27,735 - INFO: 轮次：18，训练平均损失:0.4411，耗时：1853.5468s
2026-07-19 03:30:00,987 - INFO: 模型已保存：../model/encoder_epoch18.pth，../model/decoder_epoch18.pth
2026-07-19 03:30:00,987 - INFO: 轮次：18，开始在验证集上评估...
2026-07-19 03:30:04,890 - INFO: 轮次：18，验证平均损失:0.5590，耗时：3.9024s
2026-07-19 03:30:09,922 - INFO: 轮次：18，验证平均损失:0.5127，耗时：8.9340s
2026-07-19 03:30:13,520 - INFO: 轮次：18，验证平均损失:0.5288，耗时：12.5323s
2026-07-19 03:30:17,269 - INFO: 轮次：18，验证平均损失:0.5234，耗时：16.2818s
2026-07-19 03:30:20,839 - INFO: 轮次：18，验证平均损失:0.5447，耗时：19.8517s
2026-07-19 03:30:25,071 - INFO: 轮次：18，验证平均损失:0.5180，耗时：24.0839s
2026-07-19 03:30:29,109 - INFO: 轮次：18，验证平均损失:0.5138，耗时：28.1213s
2026-07-19 03:30:33,054 - INFO: 轮次：18，验证平均损失:0.5316，耗时：32.0663s
2026-07-19 03:30:37,594 - INFO: 轮次：18，验证平均损失:0.5085，耗时：36.6064s
2026-07-19 03:30:41,314 - INFO: 轮次：18，验证平均损失:0.5366，耗时：40.3270s
2026-07-19 03:30:45,384 - INFO: 轮次：18，验证平均损失:0.5501，耗时：44.3964s
2026-07-19 03:30:49,729 - INFO: 轮次：18，验证平均损失:0.5258，耗时：48.7410s
2026-07-19 03:30:52,733 - INFO: ----- 第 18/20 轮结束 -----
2026-07-19 03:30:52,733 - INFO: ----- 第 19/20 轮开始 -----
2026-07-19 03:31:30,317 - INFO: 轮次：19，训练平均损失:0.4053，耗时：37.5844s
2026-07-19 03:32:07,349 - INFO: 轮次：19，训练平均损失:0.3982，耗时：74.6163s
2026-07-19 03:32:44,931 - INFO: 轮次：19，训练平均损失:0.3718，耗时：112.1978s
2026-07-19 03:33:22,229 - INFO: 轮次：19，训练平均损失:0.4033，耗时：149.4966s
2026-07-19 03:33:59,657 - INFO: 轮次：19，训练平均损失:0.4020，耗时：186.9242s
2026-07-19 03:34:36,785 - INFO: 轮次：19，训练平均损失:0.4000，耗时：224.0522s
2026-07-19 03:35:14,031 - INFO: 轮次：19，训练平均损失:0.3955，耗时：261.2984s
2026-07-19 03:35:50,830 - INFO: 轮次：19，训练平均损失:0.3926，耗时：298.0976s
2026-07-19 03:36:27,944 - INFO: 轮次：19，训练平均损失:0.3915，耗时：335.2112s
2026-07-19 03:37:05,703 - INFO: 轮次：19，训练平均损失:0.4094，耗时：372.9704s
2026-07-19 03:37:43,209 - INFO: 轮次：19，训练平均损失:0.3931，耗时：410.4765s
2026-07-19 03:38:20,234 - INFO: 轮次：19，训练平均损失:0.3908，耗时：447.5008s
2026-07-19 03:38:57,702 - INFO: 轮次：19，训练平均损失:0.3773，耗时：484.9696s
2026-07-19 03:39:34,671 - INFO: 轮次：19，训练平均损失:0.4082，耗时：521.9368s
2026-07-19 03:40:11,706 - INFO: 轮次：19，训练平均损失:0.4176，耗时：558.9734s
2026-07-19 03:40:48,943 - INFO: 轮次：19，训练平均损失:0.3836，耗时：596.2107s
2026-07-19 03:41:25,995 - INFO: 轮次：19，训练平均损失:0.4320，耗时：633.2618s
2026-07-19 03:42:03,467 - INFO: 轮次：19，训练平均损失:0.3863，耗时：670.7341s
2026-07-19 03:42:40,706 - INFO: 轮次：19，训练平均损失:0.4366，耗时：707.9728s
2026-07-19 03:43:21,194 - INFO: 轮次：19，训练平均损失:0.4204，耗时：748.4611s
2026-07-19 03:43:58,589 - INFO: 轮次：19，训练平均损失:0.3817，耗时：785.8567s
2026-07-19 03:44:35,058 - INFO: 轮次：19，训练平均损失:0.4116，耗时：822.3257s
2026-07-19 03:45:12,132 - INFO: 轮次：19，训练平均损失:0.4092，耗时：859.3995s
2026-07-19 03:45:49,077 - INFO: 轮次：19，训练平均损失:0.3899，耗时：896.3434s
2026-07-19 03:46:26,137 - INFO: 轮次：19，训练平均损失:0.4111，耗时：933.4042s
2026-07-19 03:47:03,178 - INFO: 轮次：19，训练平均损失:0.4128，耗时：970.4453s
2026-07-19 03:47:40,274 - INFO: 轮次：19，训练平均损失:0.4375，耗时：1007.5416s
2026-07-19 03:48:17,316 - INFO: 轮次：19，训练平均损失:0.4290，耗时：1044.5834s
2026-07-19 03:48:54,411 - INFO: 轮次：19，训练平均损失:0.3920，耗时：1081.6780s
2026-07-19 03:49:31,608 - INFO: 轮次：19，训练平均损失:0.3664，耗时：1118.8748s
2026-07-19 03:50:08,770 - INFO: 轮次：19，训练平均损失:0.4269，耗时：1156.0376s
2026-07-19 03:50:45,804 - INFO: 轮次：19，训练平均损失:0.4062，耗时：1193.0714s
2026-07-19 03:51:22,615 - INFO: 轮次：19，训练平均损失:0.3912，耗时：1229.8826s
2026-07-19 03:51:59,614 - INFO: 轮次：19，训练平均损失:0.4167，耗时：1266.8809s
2026-07-19 03:52:36,446 - INFO: 轮次：19，训练平均损失:0.4312，耗时：1303.7133s
2026-07-19 03:53:13,452 - INFO: 轮次：19，训练平均损失:0.4320，耗时：1340.7193s
2026-07-19 03:53:50,130 - INFO: 轮次：19，训练平均损失:0.3943，耗时：1377.3958s
2026-07-19 03:54:26,949 - INFO: 轮次：19，训练平均损失:0.4204，耗时：1414.2152s
2026-07-19 03:55:03,730 - INFO: 轮次：19，训练平均损失:0.4139，耗时：1450.9975s
2026-07-19 03:55:41,004 - INFO: 轮次：19，训练平均损失:0.3966，耗时：1488.2709s
2026-07-19 03:56:17,787 - INFO: 轮次：19，训练平均损失:0.4422，耗时：1525.0546s
2026-07-19 03:56:54,423 - INFO: 轮次：19，训练平均损失:0.4379，耗时：1561.6905s
2026-07-19 03:57:31,119 - INFO: 轮次：19，训练平均损失:0.4232，耗时：1598.3858s
2026-07-19 03:58:08,015 - INFO: 轮次：19，训练平均损失:0.4249，耗时：1635.2824s
2026-07-19 03:58:45,384 - INFO: 轮次：19，训练平均损失:0.4207，耗时：1672.6515s
2026-07-19 03:59:22,304 - INFO: 轮次：19，训练平均损失:0.4284，耗时：1709.5715s
2026-07-19 03:59:59,139 - INFO: 轮次：19，训练平均损失:0.4250，耗时：1746.4058s
2026-07-19 04:00:35,730 - INFO: 轮次：19，训练平均损失:0.4429，耗时：1782.9976s
2026-07-19 04:01:12,292 - INFO: 轮次：19，训练平均损失:0.4138，耗时：1819.5590s
2026-07-19 04:01:48,810 - INFO: 轮次：19，训练平均损失:0.3974，耗时：1856.0774s
2026-07-19 04:02:21,357 - INFO: 模型已保存：../model/encoder_epoch19.pth，../model/decoder_epoch19.pth
2026-07-19 04:02:21,357 - INFO: 轮次：19，开始在验证集上评估...
2026-07-19 04:02:26,638 - INFO: 轮次：19，验证平均损失:0.5560，耗时：5.2807s
2026-07-19 04:02:30,331 - INFO: 轮次：19，验证平均损失:0.5058，耗时：8.9737s
2026-07-19 04:02:34,028 - INFO: 轮次：19，验证平均损失:0.5160，耗时：12.6701s
2026-07-19 04:02:37,964 - INFO: 轮次：19，验证平均损失:0.5244，耗时：16.6065s
2026-07-19 04:02:41,850 - INFO: 轮次：19，验证平均损失:0.5624，耗时：20.4929s
2026-07-19 04:02:45,563 - INFO: 轮次：19，验证平均损失:0.5065，耗时：24.2061s
2026-07-19 04:02:49,197 - INFO: 轮次：19，验证平均损失:0.4896，耗时：27.8405s
2026-07-19 04:02:52,912 - INFO: 轮次：19，验证平均损失:0.5170，耗时：31.5539s
2026-07-19 04:02:56,611 - INFO: 轮次：19，验证平均损失:0.4988，耗时：35.2538s
2026-07-19 04:03:00,518 - INFO: 轮次：19，验证平均损失:0.5314，耗时：39.1609s
2026-07-19 04:03:04,255 - INFO: 轮次：19，验证平均损失:0.5707，耗时：42.8984s
2026-07-19 04:03:08,143 - INFO: 轮次：19，验证平均损失:0.5383，耗时：46.7860s
2026-07-19 04:03:10,686 - INFO: ----- 第 19/20 轮结束 -----
2026-07-19 04:03:10,687 - INFO: ----- 第 20/20 轮开始 -----
2026-07-19 04:03:47,210 - INFO: 轮次：20，训练平均损失:0.3809，耗时：36.5237s
2026-07-19 04:04:23,941 - INFO: 轮次：20，训练平均损失:0.3959，耗时：73.2544s
2026-07-19 04:05:00,561 - INFO: 轮次：20，训练平均损失:0.3672，耗时：109.8746s
2026-07-19 04:05:37,324 - INFO: 轮次：20，训练平均损失:0.3788，耗时：146.6374s
2026-07-19 04:06:14,060 - INFO: 轮次：20，训练平均损失:0.3904，耗时：183.3738s
2026-07-19 04:06:50,718 - INFO: 轮次：20，训练平均损失:0.4117，耗时：220.0310s
2026-07-19 04:07:27,650 - INFO: 轮次：20，训练平均损失:0.3838，耗时：256.9631s
2026-07-19 04:08:04,970 - INFO: 轮次：20，训练平均损失:0.3712，耗时：294.2838s
2026-07-19 04:08:42,409 - INFO: 轮次：20，训练平均损失:0.3614，耗时：331.7220s
2026-07-19 04:09:19,883 - INFO: 轮次：20，训练平均损失:0.4407，耗时：369.1967s
2026-07-19 04:09:56,566 - INFO: 轮次：20，训练平均损失:0.3955，耗时：405.8795s
2026-07-19 04:10:33,622 - INFO: 轮次：20，训练平均损失:0.3765，耗时：442.9352s
2026-07-19 04:11:10,649 - INFO: 轮次：20，训练平均损失:0.3624，耗时：479.9619s
2026-07-19 04:11:47,344 - INFO: 轮次：20，训练平均损失:0.3820，耗时：516.6577s
2026-07-19 04:12:24,300 - INFO: 轮次：20，训练平均损失:0.3763，耗时：553.6138s
2026-07-19 04:13:04,261 - INFO: 轮次：20，训练平均损失:0.4129，耗时：593.5739s
2026-07-19 04:13:41,542 - INFO: 轮次：20，训练平均损失:0.4039，耗时：630.8551s
2026-07-19 04:14:18,448 - INFO: 轮次：20，训练平均损失:0.3778，耗时：667.7611s
2026-07-19 04:14:55,430 - INFO: 轮次：20，训练平均损失:0.3834，耗时：704.7429s
2026-07-19 04:15:32,258 - INFO: 轮次：20，训练平均损失:0.4306，耗时：741.5718s
2026-07-19 04:16:09,682 - INFO: 轮次：20，训练平均损失:0.3916，耗时：778.9952s
2026-07-19 04:16:46,543 - INFO: 轮次：20，训练平均损失:0.3986，耗时：815.8562s
2026-07-19 04:17:23,842 - INFO: 轮次：20，训练平均损失:0.3855，耗时：853.1550s
2026-07-19 04:18:00,745 - INFO: 轮次：20，训练平均损失:0.4108，耗时：890.0587s
2026-07-19 04:18:37,373 - INFO: 轮次：20，训练平均损失:0.4023，耗时：926.6862s
2026-07-19 04:19:14,542 - INFO: 轮次：20，训练平均损失:0.3986，耗时：963.8550s
2026-07-19 04:19:51,519 - INFO: 轮次：20，训练平均损失:0.3946，耗时：1000.8321s
2026-07-19 04:20:27,989 - INFO: 轮次：20，训练平均损失:0.3855，耗时：1037.3028s
2026-07-19 04:21:04,767 - INFO: 轮次：20，训练平均损失:0.4183，耗时：1074.0800s
2026-07-19 04:21:41,893 - INFO: 轮次：20，训练平均损失:0.4354，耗时：1111.2060s
2026-07-19 04:22:19,425 - INFO: 轮次：20，训练平均损失:0.4264，耗时：1148.7379s
2026-07-19 04:22:56,952 - INFO: 轮次：20，训练平均损失:0.3826，耗时：1186.2657s
2026-07-19 04:23:33,529 - INFO: 轮次：20，训练平均损失:0.4340，耗时：1222.8426s
2026-07-19 04:24:10,627 - INFO: 轮次：20，训练平均损失:0.3878，耗时：1259.9401s
2026-07-19 04:24:47,256 - INFO: 轮次：20，训练平均损失:0.4435，耗时：1296.5698s
2026-07-19 04:25:24,667 - INFO: 轮次：20，训练平均损失:0.4312，耗时：1333.9808s
2026-07-19 04:26:01,460 - INFO: 轮次：20，训练平均损失:0.4028，耗时：1370.7738s
2026-07-19 04:26:38,513 - INFO: 轮次：20，训练平均损失:0.4442，耗时：1407.8266s
2026-07-19 04:27:15,355 - INFO: 轮次：20，训练平均损失:0.4266，耗时：1444.6686s
2026-07-19 04:27:53,243 - INFO: 轮次：20，训练平均损失:0.4252，耗时：1482.5562s
2026-07-19 04:28:33,000 - INFO: 轮次：20，训练平均损失:0.4016，耗时：1522.3131s
2026-07-19 04:29:09,916 - INFO: 轮次：20，训练平均损失:0.4186，耗时：1559.2295s
2026-07-19 04:29:46,919 - INFO: 轮次：20，训练平均损失:0.4144，耗时：1596.2320s
2026-07-19 04:30:23,391 - INFO: 轮次：20，训练平均损失:0.4529，耗时：1632.7036s
2026-07-19 04:31:00,257 - INFO: 轮次：20，训练平均损失:0.4055，耗时：1669.5709s
2026-07-19 04:31:36,953 - INFO: 轮次：20，训练平均损失:0.4166，耗时：1706.2661s
2026-07-19 04:32:13,779 - INFO: 轮次：20，训练平均损失:0.4152，耗时：1743.0928s
2026-07-19 04:32:50,213 - INFO: 轮次：20，训练平均损失:0.4229，耗时：1779.5263s
2026-07-19 04:33:26,919 - INFO: 轮次：20，训练平均损失:0.4210，耗时：1816.2325s
2026-07-19 04:34:03,509 - INFO: 轮次：20，训练平均损失:0.4028，耗时：1852.8228s
2026-07-19 04:34:35,770 - INFO: 模型已保存：../model/encoder_epoch20.pth，../model/decoder_epoch20.pth
2026-07-19 04:34:35,770 - INFO: 轮次：20，开始在验证集上评估...
2026-07-19 04:34:40,509 - INFO: 轮次：20，验证平均损失:0.5469，耗时：4.7375s
2026-07-19 04:34:44,298 - INFO: 轮次：20，验证平均损失:0.5097，耗时：8.5271s
2026-07-19 04:34:47,887 - INFO: 轮次：20，验证平均损失:0.5140，耗时：12.1157s
2026-07-19 04:34:51,487 - INFO: 轮次：20，验证平均损失:0.5146，耗时：15.7161s
2026-07-19 04:34:55,514 - INFO: 轮次：20，验证平均损失:0.5462，耗时：19.7431s
2026-07-19 04:34:59,497 - INFO: 轮次：20，验证平均损失:0.4969，耗时：23.7264s
2026-07-19 04:35:03,524 - INFO: 轮次：20，验证平均损失:0.4984，耗时：27.7523s
2026-07-19 04:35:07,444 - INFO: 轮次：20，验证平均损失:0.5279，耗时：31.6733s
2026-07-19 04:35:11,660 - INFO: 轮次：20，验证平均损失:0.4884，耗时：35.8893s
2026-07-19 04:35:15,294 - INFO: 轮次：20，验证平均损失:0.5246，耗时：39.5227s
2026-07-19 04:35:19,141 - INFO: 轮次：20，验证平均损失:0.5459，耗时：43.3704s
2026-07-19 04:35:23,068 - INFO: 轮次：20，验证平均损失:0.5270，耗时：47.2962s
2026-07-19 04:35:25,750 - INFO: ----- 第 20/20 轮结束 -----
2026-07-19 04:35:25,981 - INFO: 训练和验证损失已保存到 loss/train_val_loss.csv
2026-07-19 04:35:26,800 - INFO: ========== Seq2Seq 英译法训练结束 ==========
